Logging started @ 2019-10-05 16:07
DLL Compiled: Sep 27 2019 17:50:11

Firmware: J-Link Pro V4 compiled Aug 30 2019 09:21:29
Hardware: V4.00
S/N: 174310089
Feature(s): RDI, FlashBP, FlashDL, JFlash, GDB
TELNET listener socket opened on port 19021WEBSRV 
Starting webserver (0031ms, 0032ms total)
T0E34 000:001 WEBSRV Webserver running on local port 19080 (0031ms, 0032ms total)
T0E34 000:001   returns O.K. (0031ms, 0032ms total)
T0E34 000:032 JLINK_ExecCommand("ProjectFile = D:\Proj_IMXRT\IMXRT_IARFlashloader_SFDP\iar\settings\Flashloader_RT1052_Debug.jlink", ...). Ref file found at: C:\Program Files (x86)\IAR Systems\Embedded Workbench 8.3\arm\bin\JLinkDevices.ref (0002ms, 0034ms total)
T0E34 000:032 XML referenced by ref file: C:\Program Files (x86)\SEGGER\JLink\JLinkDevices.xml (0002ms, 0034ms total)
T0E34 000:032 C:\Program Files (x86)\SEGGER\JLink\JLinkDevices.xml evaluated successfully. (0003ms, 0035ms total)
T0E34 000:032 Device "CORTEX-M7" selected.  returns 0x00 (0060ms, 0092ms total)
T0E34 000:092 JLINK_ExecCommand("device = MIMXRT1052xxx6B", ...). Device "MIMXRT1052XXX6B" selected.  returns 0x00 (0006ms, 0098ms total)
T0E34 000:098 JLINK_GetDLLVersion()  returns 65200 (0000ms, 0098ms total)
T0E34 000:098 JLINK_GetCompileDateTime() (0000ms, 0098ms total)
T0E34 000:098 JLINK_GetFirmwareString(...)
T0E34 000:098 (0000ms, 0098ms total)
T0E34 000:098 JLINK_TIF_Select(JLINKARM_TIF_SWD)  returns 0x00 (0001ms, 0099ms total)
T0E34 000:099 JLINK_SelectDeviceFamily(14) (0000ms, 0099ms total)
T0E34 000:099 JLINK_SetSpeed(1000) (0000ms, 0099ms total)
T0E34 000:099 JLINK_SetResetType(JLINKARM_RESET_TYPE_BP0)  returns JLINKARM_RESET_TYPE_NORMAL (0000ms, 0099ms total)
T0E34 000:099 JLINK_ExecCommand("SetResetPulseLen = 200", ...).   returns 0x14 (0000ms, 0099ms total)
T0E34 000:099 JLINK_SetResetDelay(0) (0000ms, 0099ms total)
T0E34 000:099 JLINK_ResetPullsRESET(ON) (0000ms, 0099ms total)
T0E34 000:099 JLINK_Reset()InitTarget() start J-Link Script File: Executing InitTarget() (0001ms, 0100ms total)
T0E34 000:099 InitTarget()_TargetHalt: CPU haltedInitTarget() endFound SW-DP with ID 0x0BD11477Scanning AP map to find all available APsAP[1]: Stopped AP scan as end of AP map has been reachedAP[0]: AHB-AP (IDR: 0x04770041)Iterating through AP map to find AHB-AP to useAP[0]: Core foundAP[0]: AHB-AP ROM base: 0xE00FD000CPUID register: 0x411FC271. Implementer code: 0x41 (ARM)Found Cortex-M7 r1p1, Little endian. -- Max. mem block: 0x00009720 -- CPU_ReadMem(4 bytes @ 0xE000EDF0)
 -- CPU_ReadMem(4 bytes @ 0xE0002000)FPUnit: 8 code (BP) slots and 0 literal slots -- CPU_ReadMem(4 bytes @ 0xE000EDFC) -- CPU_ReadMem(4 bytes @ 0xE0001000) -- CPU_WriteMem(4 bytes @ 0xE0001000) -- CPU_ReadMem(4 bytes @ 0xE000ED88) -- CPU_WriteMem(4 bytes @ 0xE000ED88) -- CPU_ReadMem(4 bytes @ 0xE000ED88) -- CPU_WriteMem(4 bytes @ 0xE000ED88)CoreSight components:ROMTbl[0] @ E00FD000 -- CPU_ReadMem(16 bytes @ 0xE00FD000) -- CPU_ReadMem(16 bytes @ 0xE00FEFF0) -- CPU_ReadMem(16 bytes @ 0xE00FEFE0)
ROMTbl[0][0]: E00FE000, CID: B105100D, PID: 000BB4C8 ROM TableROMTbl[1] @ E00FE000 -- CPU_ReadMem(16 bytes @ 0xE00FE000) -- CPU_ReadMem(16 bytes @ 0xE00FFFF0) -- CPU_ReadMem(16 bytes @ 0xE00FFFE0)ROMTbl[1][0]: E00FF000, CID: B105100D, PID: 000BB4C7 ROM TableROMTbl[2] @ E00FF000 -- CPU_ReadMem(16 bytes @ 0xE00FF000) -- CPU_ReadMem(16 bytes @ 0xE000EFF0) -- CPU_ReadMem(16 bytes @ 0xE000EFE0)ROMTbl[2][0]: E000E000, CID: B105E00D, PID: 000BB00C SCS-M7 -- CPU_ReadMem(16 bytes @ 0xE0001FF0)
 -- CPU_ReadMem(16 bytes @ 0xE0001FE0)ROMTbl[2][1]: E0001000, CID: B105E00D, PID: 000BB002 DWT -- CPU_ReadMem(16 bytes @ 0xE0002FF0) -- CPU_ReadMem(16 bytes @ 0xE0002FE0)ROMTbl[2][2]: E0002000, CID: B105E00D, PID: 000BB00E FPB-M7 -- CPU_ReadMem(16 bytes @ 0xE0000FF0) -- CPU_ReadMem(16 bytes @ 0xE0000FE0)ROMTbl[2][3]: E0000000, CID: B105E00D, PID: 000BB001 ITM -- CPU_ReadMem(16 bytes @ 0xE00FF010) -- CPU_ReadMem(16 bytes @ 0xE0041FF0) -- CPU_ReadMem(16 bytes @ 0xE0041FE0)
ROMTbl[1][1]: E0041000, CID: B105900D, PID: 001BB975 ETM-M7 -- CPU_ReadMem(16 bytes @ 0xE0042FF0) -- CPU_ReadMem(16 bytes @ 0xE0042FE0)ROMTbl[1][2]: E0042000, CID: B105900D, PID: 004BB906 CTI -- CPU_ReadMem(16 bytes @ 0xE00FE010) -- CPU_ReadMem(16 bytes @ 0xE0040FF0) -- CPU_ReadMem(16 bytes @ 0xE0040FE0)ROMTbl[0][1]: E0040000, CID: B105900D, PID: 000BB9A9 TPIU-M7 -- CPU_ReadMem(16 bytes @ 0xE0043FF0) -- CPU_ReadMem(16 bytes @ 0xE0043FE0)ROMTbl[0][2]: E0043000, CID: B105F00D, PID: 001BB101 TSG
 -- CPU_ReadMem(16 bytes @ 0xE00FD010) -- CPU_ReadMem(4 bytes @ 0xE000ED78)Cache: Separate I- and D-cache. (0147ms, 0246ms total)
T0E34 000:099  -- CPU_WriteMem(4 bytes @ 0xE000ED84) -- CPU_ReadMem(4 bytes @ 0xE000ED80)I-Cache L1: 32 KB, 512 Sets, 32 Bytes/Line, 2-Way -- CPU_WriteMem(4 bytes @ 0xE000ED84) -- CPU_ReadMem(4 bytes @ 0xE000ED80)D-Cache L1: 32 KB, 256 Sets, 32 Bytes/Line, 4-Way -- CPU is running -- CPU_WriteMem(4 bytes @ 0xE000EDF0) -- CPU is running -- CPU_WriteMem(4 bytes @ 0xE000EDFC)Reset: Halt core after reset via DEMCR.VC_CORERESET.Reset: Reset device via AIRCR.VECTRESET. -- CPU is running
 -- CPU_WriteMem(4 bytes @ 0xE000ED0C) -- CPU_ReadMem(4 bytes @ 0xE000EDF0) -- CPU_ReadMem(4 bytes @ 0xE000EDF0) -- CPU is running -- CPU_WriteMem(4 bytes @ 0xE000EDF0) -- CPU is running -- CPU_WriteMem(4 bytes @ 0xE000EDFC) -- CPU_ReadMem(4 bytes @ 0xE000EDF0) -- CPU_WriteMem(4 bytes @ 0xE0002000) -- CPU_ReadMem(4 bytes @ 0xE000EDFC) -- CPU_ReadMem(4 bytes @ 0xE0001000) (0168ms, 0267ms total)
T0E34 000:267 JLINK_IsHalted()  returns TRUE (0000ms, 0267ms total)
T0E34 000:267 JLINK_Halt()  returns 0x00 (0000ms, 0267ms total)
T0E34 000:267 JLINK_ReadMemU32(0xE000ED00, 0x0001 Items, ...) -- CPU_ReadMem(4 bytes @ 0xE000ED00) - Data: 71 C2 1F 41  returns 1 (0000ms, 0267ms total)
T0E34 000:267 JLINK_ReadMemU32(0xE00FE000, 0x0001 Items, ...) -- CPU_ReadMem(4 bytes @ 0xE00FE000) - Data: 03 10 00 00  returns 1 (0001ms, 0268ms total)
T0E34 000:268 JLINK_ReadMemU32(0xE00FE004, 0x0001 Items, ...) -- CPU_ReadMem(4 bytes @ 0xE00FE004) - Data: 03 30 F4 FF  returns 1 (0000ms, 0268ms total)
T0E34 000:268 JLINK_ReadMemU32(0xE00FE008, 0x0001 Items, ...) -- CPU_ReadMem(4 bytes @ 0xE00FE008) - Data: 03 40 F4 FF  returns 1 (0001ms, 0269ms total)
T0E34 000:269 JLINK_ReadMemU32(0xE00FF000, 0x0001 Items, ...) -- CPU_ReadMem(4 bytes @ 0xE00FF000) - Data: 03 F0 F0 FF  returns 1 (0001ms, 0270ms total)
T0E34 000:270 JLINK_ReadMemU32(0xE00FF004, 0x0001 Items, ...) -- CPU_ReadMem(4 bytes @ 0xE00FF004) - Data: 03 20 F0 FF  returns 1 (0000ms, 0270ms total)
T0E34 000:270 JLINK_ReadMemU32(0xE00FF008, 0x0001 Items, ...) -- CPU_ReadMem(4 bytes @ 0xE00FF008) - Data: 03 30 F0 FF  returns 1 (0001ms, 0271ms total)
T0E34 000:271 JLINK_ReadMemU32(0xE00FF00C, 0x0001 Items, ...) -- CPU_ReadMem(4 bytes @ 0xE00FF00C) - Data: 03 10 F0 FF  returns 1 (0000ms, 0271ms total)
T0E34 000:271 JLINK_ReadMemU32(0xE00FF010, 0x0001 Items, ...) -- CPU_ReadMem(4 bytes @ 0xE00FF010) - Data: 02 10 F4 FF  returns 1 (0001ms, 0272ms total)
T0E34 000:272 JLINK_ReadMemU32(0xE00FF014, 0x0001 Items, ...) -- CPU_ReadMem(4 bytes @ 0xE00FF014) - Data: 02 20 F4 FF  returns 1 (0000ms, 0272ms total)
T0E34 000:272 JLINK_ReadMemU32(0xE00FF018, 0x0001 Items, ...) -- CPU_ReadMem(4 bytes @ 0xE00FF018) - Data: 00 00 00 00  returns 1 (0001ms, 0273ms total)
T0E34 000:273 JLINK_ReadMemU32(0xE00FEFD0, 0x0001 Items, ...) -- CPU_ReadMem(4 bytes @ 0xE00FEFD0) - Data: 04 00 00 00  returns 1 (0000ms, 0273ms total)
T0E34 000:273 JLINK_ReadMemU32(0xE00FEFD4, 0x0001 Items, ...) -- CPU_ReadMem(4 bytes @ 0xE00FEFD4) - Data: 00 00 00 00  returns 1 (0001ms, 0274ms total)
T0E34 000:274 JLINK_ReadMemU32(0xE00FEFD8, 0x0001 Items, ...) -- CPU_ReadMem(4 bytes @ 0xE00FEFD8) - Data: 00 00 00 00  returns 1 (0001ms, 0275ms total)
T0E34 000:275 JLINK_ReadMemU32(0xE00FEFDC, 0x0001 Items, ...) -- CPU_ReadMem(4 bytes @ 0xE00FEFDC) - Data: 00 00 00 00  returns 1 (0000ms, 0275ms total)
T0E34 000:275 JLINK_ReadMemU32(0xE00FEFE0, 0x0001 Items, ...) -- CPU_ReadMem(4 bytes @ 0xE00FEFE0) - Data: C8 00 00 00  returns 1 (0001ms, 0276ms total)
T0E34 000:276 JLINK_ReadMemU32(0xE00FEFE4, 0x0001 Items, ...) -- CPU_ReadMem(4 bytes @ 0xE00FEFE4) - Data: B4 00 00 00  returns 1 (0000ms, 0276ms total)
T0E34 000:276 JLINK_ReadMemU32(0xE00FEFE8, 0x0001 Items, ...) -- CPU_ReadMem(4 bytes @ 0xE00FEFE8) - Data: 0B 00 00 00  returns 1 (0001ms, 0277ms total)
T0E34 000:277 JLINK_ReadMemU32(0xE00FEFEC, 0x0001 Items, ...) -- CPU_ReadMem(4 bytes @ 0xE00FEFEC) - Data: 00 00 00 00  returns 1 (0000ms, 0277ms total)
T0E34 000:277 JLINK_ReadMemU32(0xE00FEFF0, 0x0001 Items, ...) -- CPU_ReadMem(4 bytes @ 0xE00FEFF0) - Data: 0D 00 00 00  returns 1 (0001ms, 0278ms total)
T0E34 000:278 JLINK_ReadMemU32(0xE00FEFF4, 0x0001 Items, ...) -- CPU_ReadMem(4 bytes @ 0xE00FEFF4) - Data: 10 00 00 00  returns 1 (0000ms, 0278ms total)
T0E34 000:278 JLINK_ReadMemU32(0xE00FEFF8, 0x0001 Items, ...) -- CPU_ReadMem(4 bytes @ 0xE00FEFF8) - Data: 05 00 00 00  returns 1 (0001ms, 0279ms total)
T0E34 000:279 JLINK_ReadMemU32(0xE00FEFFC, 0x0001 Items, ...) -- CPU_ReadMem(4 bytes @ 0xE00FEFFC) - Data: B1 00 00 00  returns 1 (0000ms, 0279ms total)
T0E34 000:279 JLINK_ReadMemU32(0xE00FFFD0, 0x0001 Items, ...) -- CPU_ReadMem(4 bytes @ 0xE00FFFD0) - Data: 04 00 00 00  returns 1 (0001ms, 0280ms total)
T0E34 000:280 JLINK_ReadMemU32(0xE00FFFD4, 0x0001 Items, ...) -- CPU_ReadMem(4 bytes @ 0xE00FFFD4) - Data: 00 00 00 00  returns 1 (0001ms, 0281ms total)
T0E34 000:281 JLINK_ReadMemU32(0xE00FFFD8, 0x0001 Items, ...) -- CPU_ReadMem(4 bytes @ 0xE00FFFD8) - Data: 00 00 00 00  returns 1 (0000ms, 0281ms total)
T0E34 000:281 JLINK_ReadMemU32(0xE00FFFDC, 0x0001 Items, ...) -- CPU_ReadMem(4 bytes @ 0xE00FFFDC) - Data: 00 00 00 00  returns 1 (0001ms, 0282ms total)
T0E34 000:282 JLINK_ReadMemU32(0xE00FFFE0, 0x0001 Items, ...) -- CPU_ReadMem(4 bytes @ 0xE00FFFE0) - Data: C7 00 00 00  returns 1 (0000ms, 0282ms total)
T0E34 000:282 JLINK_ReadMemU32(0xE00FFFE4, 0x0001 Items, ...) -- CPU_ReadMem(4 bytes @ 0xE00FFFE4) - Data: B4 00 00 00  returns 1 (0001ms, 0283ms total)
T0E34 000:283 JLINK_ReadMemU32(0xE00FFFE8, 0x0001 Items, ...) -- CPU_ReadMem(4 bytes @ 0xE00FFFE8) - Data: 0B 00 00 00  returns 1 (0000ms, 0283ms total)
T0E34 000:283 JLINK_ReadMemU32(0xE00FFFEC, 0x0001 Items, ...) -- CPU_ReadMem(4 bytes @ 0xE00FFFEC) - Data: 00 00 00 00  returns 1 (0001ms, 0284ms total)
T0E34 000:284 JLINK_ReadMemU32(0xE00FFFF0, 0x0001 Items, ...) -- CPU_ReadMem(4 bytes @ 0xE00FFFF0) - Data: 0D 00 00 00  returns 1 (0000ms, 0284ms total)
T0E34 000:284 JLINK_ReadMemU32(0xE00FFFF4, 0x0001 Items, ...) -- CPU_ReadMem(4 bytes @ 0xE00FFFF4) - Data: 10 00 00 00  returns 1 (0001ms, 0285ms total)
T0E34 000:285 JLINK_ReadMemU32(0xE00FFFF8, 0x0001 Items, ...) -- CPU_ReadMem(4 bytes @ 0xE00FFFF8) - Data: 05 00 00 00  returns 1 (0001ms, 0286ms total)
T0E34 000:286 JLINK_ReadMemU32(0xE00FFFFC, 0x0001 Items, ...) -- CPU_ReadMem(4 bytes @ 0xE00FFFFC) - Data: B1 00 00 00  returns 1 (0000ms, 0286ms total)
T0E34 000:286 JLINK_ReadMemU32(0xE000EFD0, 0x0001 Items, ...) -- CPU_ReadMem(4 bytes @ 0xE000EFD0) - Data: 04 00 00 00  returns 1 (0001ms, 0287ms total)
T0E34 000:287 JLINK_ReadMemU32(0xE000EFD4, 0x0001 Items, ...) -- CPU_ReadMem(4 bytes @ 0xE000EFD4) - Data: 00 00 00 00  returns 1 (0000ms, 0287ms total)
T0E34 000:287 JLINK_ReadMemU32(0xE000EFD8, 0x0001 Items, ...) -- CPU_ReadMem(4 bytes @ 0xE000EFD8) - Data: 00 00 00 00  returns 1 (0001ms, 0288ms total)
T0E34 000:288 JLINK_ReadMemU32(0xE000EFDC, 0x0001 Items, ...) -- CPU_ReadMem(4 bytes @ 0xE000EFDC) - Data: 00 00 00 00  returns 1 (0000ms, 0288ms total)
T0E34 000:288 JLINK_ReadMemU32(0xE000EFE0, 0x0001 Items, ...) -- CPU_ReadMem(4 bytes @ 0xE000EFE0) - Data: 0C 00 00 00  returns 1 (0001ms, 0289ms total)
T0E34 000:289 JLINK_ReadMemU32(0xE000EFE4, 0x0001 Items, ...) -- CPU_ReadMem(4 bytes @ 0xE000EFE4) - Data: B0 00 00 00  returns 1 (0000ms, 0289ms total)
T0E34 000:289 JLINK_ReadMemU32(0xE000EFE8, 0x0001 Items, ...) -- CPU_ReadMem(4 bytes @ 0xE000EFE8) - Data: 0B 00 00 00  returns 1 (0001ms, 0290ms total)
T0E34 000:290 JLINK_ReadMemU32(0xE000EFEC, 0x0001 Items, ...) -- CPU_ReadMem(4 bytes @ 0xE000EFEC) - Data: 00 00 00 00  returns 1 (0000ms, 0290ms total)
T0E34 000:290 JLINK_ReadMemU32(0xE000EFF0, 0x0001 Items, ...) -- CPU_ReadMem(4 bytes @ 0xE000EFF0) - Data: 0D 00 00 00  returns 1 (0001ms, 0291ms total)
T0E34 000:291 JLINK_ReadMemU32(0xE000EFF4, 0x0001 Items, ...) -- CPU_ReadMem(4 bytes @ 0xE000EFF4) - Data: E0 00 00 00  returns 1 (0001ms, 0292ms total)
T0E34 000:292 JLINK_ReadMemU32(0xE000EFF8, 0x0001 Items, ...) -- CPU_ReadMem(4 bytes @ 0xE000EFF8) - Data: 05 00 00 00  returns 1 (0000ms, 0292ms total)
T0E34 000:292 JLINK_ReadMemU32(0xE000EFFC, 0x0001 Items, ...) -- CPU_ReadMem(4 bytes @ 0xE000EFFC) - Data: B1 00 00 00  returns 1 (0001ms, 0293ms total)
T0E34 000:293 JLINK_ReadMemU32(0xE0001FD0, 0x0001 Items, ...) -- CPU_ReadMem(4 bytes @ 0xE0001FD0) - Data: 04 00 00 00  returns 1 (0000ms, 0293ms total)
T0E34 000:293 JLINK_ReadMemU32(0xE0001FD4, 0x0001 Items, ...) -- CPU_ReadMem(4 bytes @ 0xE0001FD4) - Data: 00 00 00 00  returns 1 (0001ms, 0294ms total)
T0E34 000:294 JLINK_ReadMemU32(0xE0001FD8, 0x0001 Items, ...) -- CPU_ReadMem(4 bytes @ 0xE0001FD8) - Data: 00 00 00 00  returns 1 (0000ms, 0294ms total)
T0E34 000:294 JLINK_ReadMemU32(0xE0001FDC, 0x0001 Items, ...) -- CPU_ReadMem(4 bytes @ 0xE0001FDC) - Data: 00 00 00 00  returns 1 (0001ms, 0295ms total)
T0E34 000:295 JLINK_ReadMemU32(0xE0001FE0, 0x0001 Items, ...) -- CPU_ReadMem(4 bytes @ 0xE0001FE0) - Data: 02 00 00 00  returns 1 (0000ms, 0295ms total)
T0E34 000:295 JLINK_ReadMemU32(0xE0001FE4, 0x0001 Items, ...) -- CPU_ReadMem(4 bytes @ 0xE0001FE4) - Data: B0 00 00 00  returns 1 (0001ms, 0296ms total)
T0E34 000:296 JLINK_ReadMemU32(0xE0001FE8, 0x0001 Items, ...) -- CPU_ReadMem(4 bytes @ 0xE0001FE8) - Data: 0B 00 00 00  returns 1 (0001ms, 0297ms total)
T0E34 000:297 JLINK_ReadMemU32(0xE0001FEC, 0x0001 Items, ...) -- CPU_ReadMem(4 bytes @ 0xE0001FEC) - Data: 00 00 00 00  returns 1 (0000ms, 0297ms total)
T0E34 000:297 JLINK_ReadMemU32(0xE0001FF0, 0x0001 Items, ...) -- CPU_ReadMem(4 bytes @ 0xE0001FF0) - Data: 0D 00 00 00  returns 1 (0001ms, 0298ms total)
T0E34 000:298 JLINK_ReadMemU32(0xE0001FF4, 0x0001 Items, ...) -- CPU_ReadMem(4 bytes @ 0xE0001FF4) - Data: E0 00 00 00  returns 1 (0000ms, 0298ms total)
T0E34 000:298 JLINK_ReadMemU32(0xE0001FF8, 0x0001 Items, ...) -- CPU_ReadMem(4 bytes @ 0xE0001FF8) - Data: 05 00 00 00  returns 1 (0001ms, 0299ms total)
T0E34 000:299 JLINK_ReadMemU32(0xE0001FFC, 0x0001 Items, ...) -- CPU_ReadMem(4 bytes @ 0xE0001FFC) - Data: B1 00 00 00  returns 1 (0000ms, 0299ms total)
T0E34 000:299 JLINK_ReadMemU32(0xE0002FD0, 0x0001 Items, ...) -- CPU_ReadMem(4 bytes @ 0xE0002FD0) - Data: 04 00 00 00  returns 1 (0001ms, 0300ms total)
T0E34 000:300 JLINK_ReadMemU32(0xE0002FD4, 0x0001 Items, ...) -- CPU_ReadMem(4 bytes @ 0xE0002FD4) - Data: 00 00 00 00  returns 1 (0000ms, 0300ms total)
T0E34 000:300 JLINK_ReadMemU32(0xE0002FD8, 0x0001 Items, ...) -- CPU_ReadMem(4 bytes @ 0xE0002FD8) - Data: 00 00 00 00  returns 1 (0001ms, 0301ms total)
T0E34 000:301 JLINK_ReadMemU32(0xE0002FDC, 0x0001 Items, ...) -- CPU_ReadMem(4 bytes @ 0xE0002FDC) - Data: 00 00 00 00  returns 1 (0001ms, 0302ms total)
T0E34 000:302 JLINK_ReadMemU32(0xE0002FE0, 0x0001 Items, ...) -- CPU_ReadMem(4 bytes @ 0xE0002FE0) - Data: 0E 00 00 00  returns 1 (0000ms, 0302ms total)
T0E34 000:302 JLINK_ReadMemU32(0xE0002FE4, 0x0001 Items, ...) -- CPU_ReadMem(4 bytes @ 0xE0002FE4) - Data: B0 00 00 00  returns 1 (0001ms, 0303ms total)
T0E34 000:303 JLINK_ReadMemU32(0xE0002FE8, 0x0001 Items, ...) -- CPU_ReadMem(4 bytes @ 0xE0002FE8) - Data: 0B 00 00 00  returns 1 (0000ms, 0303ms total)
T0E34 000:303 JLINK_ReadMemU32(0xE0002FEC, 0x0001 Items, ...) -- CPU_ReadMem(4 bytes @ 0xE0002FEC) - Data: 00 00 00 00  returns 1 (0001ms, 0304ms total)
T0E34 000:304 JLINK_ReadMemU32(0xE0002FF0, 0x0001 Items, ...) -- CPU_ReadMem(4 bytes @ 0xE0002FF0) - Data: 0D 00 00 00  returns 1 (0000ms, 0304ms total)
T0E34 000:304 JLINK_ReadMemU32(0xE0002FF4, 0x0001 Items, ...) -- CPU_ReadMem(4 bytes @ 0xE0002FF4) - Data: E0 00 00 00  returns 1 (0001ms, 0305ms total)
T0E34 000:305 JLINK_ReadMemU32(0xE0002FF8, 0x0001 Items, ...) -- CPU_ReadMem(4 bytes @ 0xE0002FF8) - Data: 05 00 00 00  returns 1 (0000ms, 0305ms total)
T0E34 000:305 JLINK_ReadMemU32(0xE0002FFC, 0x0001 Items, ...) -- CPU_ReadMem(4 bytes @ 0xE0002FFC) - Data: B1 00 00 00  returns 1 (0001ms, 0306ms total)
T0E34 000:306 JLINK_ReadMemU32(0xE0000FD0, 0x0001 Items, ...) -- CPU_ReadMem(4 bytes @ 0xE0000FD0) - Data: 04 00 00 00  returns 1 (0001ms, 0307ms total)
T0E34 000:307 JLINK_ReadMemU32(0xE0000FD4, 0x0001 Items, ...) -- CPU_ReadMem(4 bytes @ 0xE0000FD4) - Data: 00 00 00 00  returns 1 (0000ms, 0307ms total)
T0E34 000:307 JLINK_ReadMemU32(0xE0000FD8, 0x0001 Items, ...) -- CPU_ReadMem(4 bytes @ 0xE0000FD8) - Data: 00 00 00 00  returns 1 (0001ms, 0308ms total)
T0E34 000:308 JLINK_ReadMemU32(0xE0000FDC, 0x0001 Items, ...) -- CPU_ReadMem(4 bytes @ 0xE0000FDC) - Data: 00 00 00 00  returns 1 (0000ms, 0308ms total)
T0E34 000:308 JLINK_ReadMemU32(0xE0000FE0, 0x0001 Items, ...) -- CPU_ReadMem(4 bytes @ 0xE0000FE0) - Data: 01 00 00 00  returns 1 (0001ms, 0309ms total)
T0E34 000:309 JLINK_ReadMemU32(0xE0000FE4, 0x0001 Items, ...) -- CPU_ReadMem(4 bytes @ 0xE0000FE4) - Data: B0 00 00 00  returns 1 (0000ms, 0309ms total)
T0E34 000:309 JLINK_ReadMemU32(0xE0000FE8, 0x0001 Items, ...) -- CPU_ReadMem(4 bytes @ 0xE0000FE8) - Data: 0B 00 00 00  returns 1 (0001ms, 0310ms total)
T0E34 000:310 JLINK_ReadMemU32(0xE0000FEC, 0x0001 Items, ...) -- CPU_ReadMem(4 bytes @ 0xE0000FEC) - Data: 00 00 00 00  returns 1 (0000ms, 0310ms total)
T0E34 000:310 JLINK_ReadMemU32(0xE0000FF0, 0x0001 Items, ...) -- CPU_ReadMem(4 bytes @ 0xE0000FF0) - Data: 0D 00 00 00  returns 1 (0001ms, 0311ms total)
T0E34 000:311 JLINK_ReadMemU32(0xE0000FF4, 0x0001 Items, ...) -- CPU_ReadMem(4 bytes @ 0xE0000FF4) - Data: E0 00 00 00  returns 1 (0000ms, 0311ms total)
T0E34 000:311 JLINK_ReadMemU32(0xE0000FF8, 0x0001 Items, ...) -- CPU_ReadMem(4 bytes @ 0xE0000FF8) - Data: 05 00 00 00  returns 1 (0001ms, 0312ms total)
T0E34 000:312 JLINK_ReadMemU32(0xE0000FFC, 0x0001 Items, ...) -- CPU_ReadMem(4 bytes @ 0xE0000FFC) - Data: B1 00 00 00  returns 1 (0001ms, 0313ms total)
T0E34 000:313 JLINK_ReadMemU32(0xE0041FD0, 0x0001 Items, ...) -- CPU_ReadMem(4 bytes @ 0xE0041FD0) - Data: 04 00 00 00  returns 1 (0000ms, 0313ms total)
T0E34 000:313 JLINK_ReadMemU32(0xE0041FD4, 0x0001 Items, ...) -- CPU_ReadMem(4 bytes @ 0xE0041FD4) - Data: 00 00 00 00  returns 1 (0001ms, 0314ms total)
T0E34 000:314 JLINK_ReadMemU32(0xE0041FD8, 0x0001 Items, ...) -- CPU_ReadMem(4 bytes @ 0xE0041FD8) - Data: 00 00 00 00  returns 1 (0000ms, 0314ms total)
T0E34 000:314 JLINK_ReadMemU32(0xE0041FDC, 0x0001 Items, ...) -- CPU_ReadMem(4 bytes @ 0xE0041FDC) - Data: 00 00 00 00  returns 1 (0001ms, 0315ms total)
T0E34 000:315 JLINK_ReadMemU32(0xE0041FE0, 0x0001 Items, ...) -- CPU_ReadMem(4 bytes @ 0xE0041FE0) - Data: 75 00 00 00  returns 1 (0000ms, 0315ms total)
T0E34 000:315 JLINK_ReadMemU32(0xE0041FE4, 0x0001 Items, ...) -- CPU_ReadMem(4 bytes @ 0xE0041FE4) - Data: B9 00 00 00  returns 1 (0001ms, 0316ms total)
T0E34 000:316 JLINK_ReadMemU32(0xE0041FE8, 0x0001 Items, ...) -- CPU_ReadMem(4 bytes @ 0xE0041FE8) - Data: 1B 00 00 00  returns 1 (0000ms, 0316ms total)
T0E34 000:316 JLINK_ReadMemU32(0xE0041FEC, 0x0001 Items, ...) -- CPU_ReadMem(4 bytes @ 0xE0041FEC) - Data: 00 00 00 00  returns 1 (0001ms, 0317ms total)
T0E34 000:317 JLINK_ReadMemU32(0xE0041FF0, 0x0001 Items, ...) -- CPU_ReadMem(4 bytes @ 0xE0041FF0) - Data: 0D 00 00 00  returns 1 (0001ms, 0318ms total)
T0E34 000:318 JLINK_ReadMemU32(0xE0041FF4, 0x0001 Items, ...) -- CPU_ReadMem(4 bytes @ 0xE0041FF4) - Data: 90 00 00 00  returns 1 (0000ms, 0318ms total)
T0E34 000:318 JLINK_ReadMemU32(0xE0041FF8, 0x0001 Items, ...) -- CPU_ReadMem(4 bytes @ 0xE0041FF8) - Data: 05 00 00 00  returns 1 (0001ms, 0319ms total)
T0E34 000:319 JLINK_ReadMemU32(0xE0041FFC, 0x0001 Items, ...) -- CPU_ReadMem(4 bytes @ 0xE0041FFC) - Data: B1 00 00 00  returns 1 (0000ms, 0319ms total)
T0E34 000:319 JLINK_ReadMemU32(0xE0042FD0, 0x0001 Items, ...) -- CPU_ReadMem(4 bytes @ 0xE0042FD0) - Data: 04 00 00 00  returns 1 (0001ms, 0320ms total)
T0E34 000:320 JLINK_ReadMemU32(0xE0042FD4, 0x0001 Items, ...) -- CPU_ReadMem(4 bytes @ 0xE0042FD4) - Data: 00 00 00 00  returns 1 (0000ms, 0320ms total)
T0E34 000:320 JLINK_ReadMemU32(0xE0042FD8, 0x0001 Items, ...) -- CPU_ReadMem(4 bytes @ 0xE0042FD8) - Data: 00 00 00 00  returns 1 (0001ms, 0321ms total)
T0E34 000:321 JLINK_ReadMemU32(0xE0042FDC, 0x0001 Items, ...) -- CPU_ReadMem(4 bytes @ 0xE0042FDC) - Data: 00 00 00 00  returns 1 (0000ms, 0321ms total)
T0E34 000:321 JLINK_ReadMemU32(0xE0042FE0, 0x0001 Items, ...) -- CPU_ReadMem(4 bytes @ 0xE0042FE0) - Data: 06 00 00 00  returns 1 (0001ms, 0322ms total)
T0E34 000:322 JLINK_ReadMemU32(0xE0042FE4, 0x0001 Items, ...) -- CPU_ReadMem(4 bytes @ 0xE0042FE4) - Data: B9 00 00 00  returns 1 (0000ms, 0322ms total)
T0E34 000:323 JLINK_ReadMemU32(0xE0042FE8, 0x0001 Items, ...) -- CPU_ReadMem(4 bytes @ 0xE0042FE8) - Data: 4B 00 00 00  returns 1 (0000ms, 0323ms total)
T0E34 000:323 JLINK_ReadMemU32(0xE0042FEC, 0x0001 Items, ...) -- CPU_ReadMem(4 bytes @ 0xE0042FEC) - Data: 00 00 00 00  returns 1 (0001ms, 0324ms total)
T0E34 000:324 JLINK_ReadMemU32(0xE0042FF0, 0x0001 Items, ...) -- CPU_ReadMem(4 bytes @ 0xE0042FF0) - Data: 0D 00 00 00  returns 1 (0000ms, 0324ms total)
T0E34 000:324 JLINK_ReadMemU32(0xE0042FF4, 0x0001 Items, ...) -- CPU_ReadMem(4 bytes @ 0xE0042FF4) - Data: 90 00 00 00  returns 1 (0001ms, 0325ms total)
T0E34 000:325 JLINK_ReadMemU32(0xE0042FF8, 0x0001 Items, ...) -- CPU_ReadMem(4 bytes @ 0xE0042FF8) - Data: 05 00 00 00  returns 1 (0000ms, 0325ms total)
T0E34 000:325 JLINK_ReadMemU32(0xE0042FFC, 0x0001 Items, ...) -- CPU_ReadMem(4 bytes @ 0xE0042FFC) - Data: B1 00 00 00  returns 1 (0001ms, 0326ms total)
T0E34 000:326 JLINK_GetEmuCaps()  returns 0xF9FF7BFF (0000ms, 0326ms total)
T0E34 000:326 JLINK_GetEmuCaps()  returns 0xF9FF7BFF (0000ms, 0326ms total)
T0E34 000:326 JLINK_GetEmuCaps()  returns 0xF9FF7BFF (0000ms, 0326ms total)
T0E34 000:326 JLINK_GetEmuCaps()  returns 0xF9FF7BFF (0000ms, 0326ms total)
T0E34 000:326 JLINK_SWO_Control(JLINKARM_SWO_CMD_GET_SPEED_INFO, ...)  returns 0x00 (0001ms, 0327ms total)
T0E34 000:327 JLINK_ReadMemU32(0xE0001004, 0x0001 Items, ...) -- CPU_ReadMem(4 bytes @ 0xE0001004) - Data: 9F 6A 96 74  returns 1 (0000ms, 0327ms total)
T0E34 000:327 JLINK_GetEmuCaps()  returns 0xF9FF7BFF (0000ms, 0327ms total)
T0E34 000:327 JLINK_GetEmuCaps()  returns 0xF9FF7BFF (0000ms, 0327ms total)
T0E34 000:327 JLINK_GetEmuCaps()  returns 0xF9FF7BFF (0000ms, 0327ms total)
T0E34 000:327 JLINK_EMU_HasCapEx(0x00000025)  returns 0x01 (0000ms, 0327ms total)
T0E34 000:327 JLINK_POWERTRACE_Control(JLINK_POWERTRACE_CMD_GET_CAPS, ...)  returns 0x00 (0001ms, 0328ms total)
T0E34 000:328 JLINK_POWERTRACE_Control(JLINK_POWERTRACE_CMD_GET_CHANNEL_CAPS, ...)  returns 0x00 (0000ms, 0328ms total)
T0E34 000:330 JLINK_POWERTRACE_Control(JLINK_POWERTRACE_CMD_GET_CHANNEL_CAPS, ...)  returns 0x00 (0000ms, 0328ms total)
T0E34 000:330 JLINK_POWERTRACE_Control(JLINK_POWERTRACE_CMD_SETUP, ...)POWERTRACE: Emulator buffer size: 19240 bytes  returns 0x2710 (0001ms, 0329ms total)
T0E34 000:342 JLINK_GetSpeed()  returns 0x3E8 (0000ms, 0329ms total)
T0E34 000:342 JLINK_SetMaxSpeed() (0000ms, 0329ms total)
T0E34 000:352 JLINK_BeginDownload(Flags = 0x03) (0000ms, 0329ms total)
T0E34 000:476 JLINK_WriteMem(0x00000000, 0x4000 Bytes, ...) - Data: 48 44 00 20 81 4C 00 00 A1 4C 00 00 7D 34 00 00 ... -- CPU_WriteMem(16384 bytes @ 0x00000000) -- CPU_ReadMem(16384 bytes @ 0x00000000)  returns 0x4000 (0220ms, 0549ms total)
T0E34 000:697 JLINK_WriteMem(0x00004000, 0x23D8 Bytes, ...) - Data: 58 FF 25 E0 00 20 28 72 DF F8 20 24 4F F4 96 71 ... -- CPU_WriteMem(9176 bytes @ 0x00004000) -- CPU_ReadMem(9176 bytes @ 0x00004000)  returns 0x23D8 (0123ms, 0672ms total)
T0E34 000:821 JLINK_WriteU16(0x000063D8, 0x00009F00) -- CPU_WriteMem(2 bytes @ 0x000063D8)  returns 0 (0000ms, 0672ms total)
T0E34 000:821 JLINK_WriteU8(0x000063DA, 0x00000000) -- CPU_WriteMem(1 bytes @ 0x000063DA)  returns 0 (0000ms, 0672ms total)
T0E34 000:822 JLINK_WriteMem(0x20000000, 0x0100 Bytes, ...) - Data: 2C 63 00 00 00 00 00 00 00 00 00 00 00 00 00 00 ... -- CPU_WriteMem(256 bytes @ 0x20000000) -- CPU_ReadMem(256 bytes @ 0x20000000) -- Updating C cache (256 bytes @ 0x20000000) -- Read from C cache (256 bytes @ 0x20000000)  returns 0x100 (0004ms, 0676ms total)
T0E34 000:827 JLINK_EndDownload()  returns 0x00 (0000ms, 0676ms total)
T0E34 000:827 JLINK_ReadMemU32(0x00000000, 0x0800 Items, ...) -- CPU_ReadMem(8192 bytes @ 0x00000000) - Data: 48 44 00 20 81 4C 00 00 A1 4C 00 00 7D 34 00 00 ...  returns 2048 (0056ms, 0732ms total)
T0E34 000:883 JLINK_ReadMemU32(0x00002000, 0x0800 Items, ...) -- CPU_ReadMem(8192 bytes @ 0x00002000) - Data: 00 01 00 20 62 F3 0F 22 62 F3 1F 42 40 18 10 F0 ...  returns 2048 (0055ms, 0787ms total)
T0E34 000:938 JLINK_GetEmuCaps()  returns 0xF9FF7BFF (0000ms, 0787ms total)
T0E34 000:938 JLINK_ReadMemU32(0x00004000, 0x0800 Items, ...) -- CPU_ReadMem(8192 bytes @ 0x00004000) - Data: 58 FF 25 E0 00 20 28 72 DF F8 20 24 4F F4 96 71 ...  returns 2048 (0055ms, 0842ms total)
T0E34 000:993 JLINK_ReadMemU32(0x00006000, 0x00F6 Items, ...) -- CPU_ReadMem(984 bytes @ 0x00006000) - Data: 55 54 20 44 6F 6E 65 2E 00 00 00 00 4D 53 42 2D ...  returns 246 (0007ms, 0849ms total)
T0E34 001:000 JLINK_ReadMemU16(0x000063D8, 0x0001 Items, ...) -- CPU_ReadMem(2 bytes @ 0x000063D8) - Data: 00 9F  returns 1 (0000ms, 0849ms total)
T0E34 001:000 JLINK_ReadMemU8(0x000063DA, 0x0001 Items, ...) -- CPU_ReadMem(1 bytes @ 0x000063DA) - Data: 00  returns 1 (0001ms, 0850ms total)
T0E34 001:001 JLINK_GetEmuCaps()  returns 0xF9FF7BFF (0000ms, 0850ms total)
T0E34 001:001 JLINK_ReadMemU32(0x20000000, 0x0040 Items, ...) -- Read from C cache (256 bytes @ 0x20000000) - Data: 2C 63 00 00 00 00 00 00 00 00 00 00 00 00 00 00 ...  returns 64 (0000ms, 0850ms total)
T0E34 001:001 JLINK_GetEmuCaps()  returns 0xF9FF7BFF (0000ms, 0850ms total)
T0E34 001:004 JLINK_SetResetType(JLINKARM_CM3_RESET_TYPE_CORE)  returns JLINKARM_CM3_RESET_TYPE_CORE (0000ms, 0850ms total)
T0E34 001:004 JLINK_ExecCommand("SetResetPulseLen = 200", ...).   returns 0xC8 (0000ms, 0850ms total)
T0E34 001:004 JLINK_SetResetDelay(0) (0000ms, 0850ms total)
T0E34 001:004 JLINK_ResetPullsRESET(ON) (0000ms, 0850ms total)
T0E34 001:004 JLINK_Reset() -- CPU_WriteMem(4 bytes @ 0xE000EDF0) -- CPU_WriteMem(4 bytes @ 0xE000EDFC)Reset: Halt core after reset via DEMCR.VC_CORERESET.Reset: Reset device via AIRCR.VECTRESET. -- CPU_WriteMem(4 bytes @ 0xE000ED0C) -- CPU_ReadMem(4 bytes @ 0xE000EDF0) -- CPU_ReadMem(4 bytes @ 0xE000EDF0) -- CPU_WriteMem(4 bytes @ 0xE000EDF0) -- CPU_WriteMem(4 bytes @ 0xE000EDFC) -- CPU_ReadMem(4 bytes @ 0xE000EDF0) -- CPU_WriteMem(4 bytes @ 0xE0002000) -- CPU_ReadMem(4 bytes @ 0xE000EDFC)
 -- CPU_ReadMem(4 bytes @ 0xE0001000) (0014ms, 0864ms total)
T0E34 001:019 JLINK_IsHalted()  returns TRUE (0000ms, 0864ms total)
T0E34 001:019 JLINK_ReadMemU32(0x00000000, 0x0001 Items, ...) -- CPU_ReadMem(4 bytes @ 0x00000000) - Data: 48 44 00 20  returns 1 (0000ms, 0864ms total)
T0E34 001:019 JLINK_ReadMemU32(0x00000004, 0x0001 Items, ...) -- CPU_ReadMem(4 bytes @ 0x00000004) - Data: 81 4C 00 00  returns 1 (0000ms, 0864ms total)
T0E34 001:020 JLINK_ReadRegs(NumRegs = 1, Indexes: 15) -- R15 (PC)=0x201414  returns 0x00 (0000ms, 0865ms total)
T0E34 001:020 JLINK_WriteReg(R15 (PC), 0x00004C80)  returns 0x00 (0000ms, 0865ms total)
T0E34 001:020 JLINK_ReadRegs(NumRegs = 1, Indexes: 17) -- MSP=0x20201000  returns 0x00 (0000ms, 0865ms total)
T0E34 001:020 JLINK_ReadRegs(NumRegs = 1, Indexes: 18) -- PSP=0x00  returns 0x00 (0000ms, 0865ms total)
T0E34 001:020 JLINK_ReadRegs(NumRegs = 1, Indexes: 20) -- CFBP=0x00  returns 0x00 (0000ms, 0865ms total)
T0E34 001:020 JLINK_WriteReg(MSP, 0x20004448)  returns 0x00 (0000ms, 0865ms total)
T0E34 001:020 JLINK_ReadRegs(NumRegs = 1, Indexes: 0) -- R0=0x00  returns 0x00 (0000ms, 0865ms total)
T0E34 001:020 JLINK_ReadRegs(NumRegs = 1, Indexes: 1) -- R1=0x00  returns 0x00 (0000ms, 0865ms total)
T0E34 001:020 JLINK_ReadRegs(NumRegs = 1, Indexes: 2) -- R2=0x00  returns 0x00 (0000ms, 0865ms total)
T0E34 001:020 JLINK_ReadRegs(NumRegs = 1, Indexes: 3) -- R3=0x00  returns 0x00 (0000ms, 0865ms total)
T0E34 001:020 JLINK_ReadRegs(NumRegs = 1, Indexes: 4) -- R4=0x00  returns 0x00 (0000ms, 0865ms total)
T0E34 001:020 JLINK_ReadRegs(NumRegs = 1, Indexes: 5) -- R5=0x00  returns 0x00 (0000ms, 0865ms total)
T0E34 001:020 JLINK_ReadRegs(NumRegs = 1, Indexes: 6) -- R6=0x00  returns 0x00 (0000ms, 0865ms total)
T0E34 001:020 JLINK_ReadRegs(NumRegs = 1, Indexes: 7) -- R7=0x00  returns 0x00 (0000ms, 0865ms total)
T0E34 001:020 JLINK_ReadRegs(NumRegs = 1, Indexes: 8) -- R8=0x00  returns 0x00 (0000ms, 0865ms total)
T0E34 001:020 JLINK_ReadRegs(NumRegs = 1, Indexes: 9) -- R9=0x00  returns 0x00 (0000ms, 0865ms total)
T0E34 001:020 JLINK_ReadRegs(NumRegs = 1, Indexes: 10) -- R10=0x00  returns 0x00 (0000ms, 0865ms total)
T0E34 001:020 JLINK_ReadRegs(NumRegs = 1, Indexes: 11) -- R11=0x00  returns 0x00 (0000ms, 0865ms total)
T0E34 001:020 JLINK_ReadRegs(NumRegs = 1, Indexes: 12) -- R12=0x00  returns 0x00 (0000ms, 0865ms total)
T0E34 001:020 JLINK_ReadRegs(NumRegs = 1, Indexes: 17) -- MSP=0x20004448  returns 0x00 (0000ms, 0865ms total)
T0E34 001:020 JLINK_ReadRegs(NumRegs = 1, Indexes: 18) -- PSP=0x00  returns 0x00 (0000ms, 0865ms total)
T0E34 001:020 JLINK_ReadRegs(NumRegs = 1, Indexes: 14) -- R14=0xFFFFFFFF  returns 0x00 (0000ms, 0865ms total)
T0E34 001:020 JLINK_ReadRegs(NumRegs = 1, Indexes: 15) -- R15 (PC)=0x4C80  returns 0x00 (0000ms, 0865ms total)
T0E34 001:020 JLINK_ReadRegs(NumRegs = 1, Indexes: 16) -- XPSR=0x1000000  returns 0x00 (0000ms, 0865ms total)
T0E34 001:020 JLINK_ReadRegs(NumRegs = 1, Indexes: 20) -- CFBP=0x00  returns 0x00 (0000ms, 0865ms total)
T0E34 001:020 JLINK_WriteReg(XPSR, 0x01000000)  returns 0x00 (0000ms, 0865ms total)
T0E34 001:020 JLINK_ReadMemU32(0xE000EDFC, 0x0001 Items, ...) -- CPU_ReadMem(4 bytes @ 0xE000EDFC) - Data: 00 00 00 01  returns 1 (0000ms, 0865ms total)
T0E34 001:020 JLINK_WriteU32(0xE000EDFC, 0x01000000)  returns 0 (0000ms, 0865ms total)
T0E34 001:020 JLINK_ReadMemU32(0xE0001004, 0x0001 Items, ...) -- CPU_ReadMem(4 bytes @ 0xE0001004) - Data: FF 6A 96 74  returns 1 (0001ms, 0866ms total)
T0E34 001:021 JLINK_ReadMemU32(0xE0001004, 0x0001 Items, ...) - Data: FF 6A 96 74  returns 1 (0000ms, 0866ms total)
T0E34 001:021 JLINK_ReadMemU16(0x00004C80, 0x0001 Items, ...) -- CPU_ReadMem(2 bytes @ 0x00004C80) - Data: FF F7  returns 1 (0000ms, 0866ms total)
T0E34 001:021 JLINK_GetEmuCaps()  returns 0xF9FF7BFF (0000ms, 0866ms total)
T0E34 001:021 JLINK_SetBPEx(Addr = 0x00004C80, Type = 0xFFFFFF02)  returns 0x00000001 (0000ms, 0866ms total)
T0E34 001:021 JLINK_GetEmuCaps()  returns 0xF9FF7BFF (0000ms, 0866ms total)
T0E34 001:021 JLINK_WriteVectorCatch(0x00000FF1) -- CPU_WriteMem(4 bytes @ 0xE000EDFC)  returns 0x00 (0001ms, 0867ms total)
T0E34 001:022 JLINK_ReadRegs(NumRegs = 1, Indexes: 15) -- R15 (PC)=0x4C80  returns 0x00 (0000ms, 0867ms total)
T0E34 001:022 JLINK_ReadMemU16(0x00004BCC, 0x0001 Items, ...) -- CPU_ReadMem(2 bytes @ 0x00004BCC) - Data: 2D E9  returns 1 (0000ms, 0867ms total)
T0E34 001:022 JLINK_GetEmuCaps()  returns 0xF9FF7BFF (0000ms, 0867ms total)
T0E34 001:022 JLINK_SetBPEx(Addr = 0x00004BCC, Type = 0xFFFFFFF2)  returns 0x00000002 (0000ms, 0867ms total)
T0E34 001:023 JLINK_GetEmuCaps()  returns 0xF9FF7BFF (0000ms, 0867ms total)
T0E34 001:023 JLINK_WriteVectorCatch(0x00000FF1)  returns 0x00 (0000ms, 0867ms total)
T0E34 001:026 JLINK_ReadMemU16(0x00004BF6, 0x0001 Items, ...) -- CPU_ReadMem(2 bytes @ 0x00004BF6) - Data: BD E8  returns 1 (0000ms, 0867ms total)
T0E34 001:026 JLINK_GetEmuCaps()  returns 0xF9FF7BFF (0000ms, 0867ms total)
T0E34 001:026 JLINK_SetBPEx(Addr = 0x00004BF6, Type = 0xFFFFFFF2)  returns 0x00000003 (0000ms, 0867ms total)
T0E34 001:026 JLINK_GetEmuCaps()  returns 0xF9FF7BFF (0000ms, 0867ms total)
T0E34 001:026 JLINK_WriteVectorCatch(0x00000FF1)  returns 0x00 (0000ms, 0867ms total)
T0E34 001:108 JLINK_ReadMemU32(0x00000154, 0x0001 Items, ...) -- CPU_ReadMem(4 bytes @ 0x00000154) - Data: AF 4C 00 00  returns 1 (0001ms, 0868ms total)
T0E34 001:109 JLINK_ReadMemU32(0x00000228, 0x0001 Items, ...) -- CPU_ReadMem(4 bytes @ 0x00000228) - Data: AF 4C 00 00  returns 1 (0000ms, 0868ms total)
T0E34 001:109 JLINK_ReadMemU32(0x0000022C, 0x0001 Items, ...) -- CPU_ReadMem(4 bytes @ 0x0000022C) - Data: AF 4C 00 00  returns 1 (0001ms, 0869ms total)
T0E34 001:110 JLINK_ReadMemU32(0x00000230, 0x0001 Items, ...) -- CPU_ReadMem(4 bytes @ 0x00000230) - Data: AF 4C 00 00  returns 1 (0000ms, 0869ms total)
T0E34 001:110 JLINK_ReadMemU32(0x00000234, 0x0001 Items, ...) -- CPU_ReadMem(4 bytes @ 0x00000234) - Data: AF 4C 00 00  returns 1 (0001ms, 0870ms total)
T0E34 001:111 JLINK_ReadMemU32(0x00000238, 0x0001 Items, ...) -- CPU_ReadMem(4 bytes @ 0x00000238) - Data: AF 4C 00 00  returns 1 (0000ms, 0870ms total)
T0E34 001:111 JLINK_ReadMemU32(0x000000D8, 0x0001 Items, ...) -- CPU_ReadMem(4 bytes @ 0x000000D8) - Data: AF 4C 00 00  returns 1 (0001ms, 0871ms total)
T0E34 001:112 JLINK_ReadMemU32(0x000001B8, 0x0001 Items, ...) -- CPU_ReadMem(4 bytes @ 0x000001B8) - Data: AF 4C 00 00  returns 1 (0000ms, 0871ms total)
T0E34 001:112 JLINK_ReadMemU32(0x000001B0, 0x0001 Items, ...) -- CPU_ReadMem(4 bytes @ 0x000001B0) - Data: AF 4C 00 00  returns 1 (0001ms, 0872ms total)
T0E34 001:113 JLINK_ReadMemU32(0x000000F4, 0x0001 Items, ...) -- CPU_ReadMem(4 bytes @ 0x000000F4) - Data: AF 4C 00 00  returns 1 (0000ms, 0872ms total)
T0E34 001:113 JLINK_ReadMemU32(0x000001B4, 0x0001 Items, ...) -- CPU_ReadMem(4 bytes @ 0x000001B4) - Data: AF 4C 00 00  returns 1 (0000ms, 0872ms total)
T0E34 001:113 JLINK_ReadMemU32(0x0000014C, 0x0001 Items, ...) -- CPU_ReadMem(4 bytes @ 0x0000014C) - Data: AF 4C 00 00  returns 1 (0001ms, 0873ms total)
T0E34 001:114 JLINK_ReadMemU32(0x00000150, 0x0001 Items, ...) -- CPU_ReadMem(4 bytes @ 0x00000150) - Data: AF 4C 00 00  returns 1 (0000ms, 0873ms total)
T0E34 001:114 JLINK_ReadMemU32(0x00000114, 0x0001 Items, ...) -- CPU_ReadMem(4 bytes @ 0x00000114) - Data: AF 4C 00 00  returns 1 (0001ms, 0874ms total)
T0E34 001:115 JLINK_ReadMemU32(0x000000F8, 0x0001 Items, ...) -- CPU_ReadMem(4 bytes @ 0x000000F8) - Data: AF 4C 00 00  returns 1 (0000ms, 0874ms total)
T0E34 001:115 JLINK_ReadMemU32(0x000000FC, 0x0001 Items, ...) -- CPU_ReadMem(4 bytes @ 0x000000FC) - Data: AF 4C 00 00  returns 1 (0000ms, 0874ms total)
T0E34 001:116 JLINK_ReadMemU32(0x00000100, 0x0001 Items, ...) -- CPU_ReadMem(4 bytes @ 0x00000100) - Data: AF 4C 00 00  returns 1 (0000ms, 0875ms total)
T0E34 001:116 JLINK_ReadMemU32(0x00000134, 0x0001 Items, ...) -- CPU_ReadMem(4 bytes @ 0x00000134) - Data: AF 4C 00 00  returns 1 (0000ms, 0875ms total)
T0E34 001:116 JLINK_ReadMemU32(0x0000013C, 0x0001 Items, ...) -- CPU_ReadMem(4 bytes @ 0x0000013C) - Data: AF 4C 00 00  returns 1 (0001ms, 0876ms total)
T0E34 001:117 JLINK_ReadMemU32(0x00000140, 0x0001 Items, ...) -- CPU_ReadMem(4 bytes @ 0x00000140) - Data: AF 4C 00 00  returns 1 (0000ms, 0876ms total)
T0E34 001:117 JLINK_ReadMemU32(0x00000144, 0x0001 Items, ...) -- CPU_ReadMem(4 bytes @ 0x00000144) - Data: AF 4C 00 00  returns 1 (0000ms, 0876ms total)
T0E34 001:117 JLINK_ReadMemU32(0x00000148, 0x0001 Items, ...) -- CPU_ReadMem(4 bytes @ 0x00000148) - Data: AF 4C 00 00  returns 1 (0001ms, 0877ms total)
T0E34 001:118 JLINK_ReadMemU32(0x00000104, 0x0001 Items, ...) -- CPU_ReadMem(4 bytes @ 0x00000104) - Data: AF 4C 00 00  returns 1 (0000ms, 0877ms total)
T0E34 001:118 JLINK_ReadMemU32(0x000000E0, 0x0001 Items, ...) -- CPU_ReadMem(4 bytes @ 0x000000E0) - Data: AF 4C 00 00  returns 1 (0001ms, 0878ms total)
T0E34 001:119 JLINK_ReadMemU32(0x00000040, 0x0001 Items, ...) -- CPU_ReadMem(4 bytes @ 0x00000040) - Data: A3 0E 00 00  returns 1 (0000ms, 0878ms total)
T0E34 001:119 JLINK_ReadMemU32(0x00000044, 0x0001 Items, ...) -- CPU_ReadMem(4 bytes @ 0x00000044) - Data: AF 4C 00 00  returns 1 (0000ms, 0878ms total)
T0E34 001:119 JLINK_ReadMemU32(0x00000048, 0x0001 Items, ...) -- CPU_ReadMem(4 bytes @ 0x00000048) - Data: AF 4C 00 00  returns 1 (0001ms, 0879ms total)
T0E34 001:120 JLINK_ReadMemU32(0x0000004C, 0x0001 Items, ...) -- CPU_ReadMem(4 bytes @ 0x0000004C) - Data: AF 4C 00 00  returns 1 (0000ms, 0879ms total)
T0E34 001:120 JLINK_ReadMemU32(0x00000050, 0x0001 Items, ...) -- CPU_ReadMem(4 bytes @ 0x00000050) - Data: AF 4C 00 00  returns 1 (0001ms, 0880ms total)
T0E34 001:121 JLINK_ReadMemU32(0x00000054, 0x0001 Items, ...) -- CPU_ReadMem(4 bytes @ 0x00000054) - Data: AF 4C 00 00  returns 1 (0000ms, 0880ms total)
T0E34 001:121 JLINK_ReadMemU32(0x00000058, 0x0001 Items, ...) -- CPU_ReadMem(4 bytes @ 0x00000058) - Data: AF 4C 00 00  returns 1 (0001ms, 0881ms total)
T0E34 001:122 JLINK_ReadMemU32(0x0000005C, 0x0001 Items, ...) -- CPU_ReadMem(4 bytes @ 0x0000005C) - Data: AF 4C 00 00  returns 1 (0000ms, 0881ms total)
T0E34 001:122 JLINK_ReadMemU32(0x00000060, 0x0001 Items, ...) -- CPU_ReadMem(4 bytes @ 0x00000060) - Data: AF 4C 00 00  returns 1 (0000ms, 0881ms total)
T0E34 001:122 JLINK_ReadMemU32(0x00000064, 0x0001 Items, ...) -- CPU_ReadMem(4 bytes @ 0x00000064) - Data: AF 4C 00 00  returns 1 (0001ms, 0882ms total)
T0E34 001:123 JLINK_ReadMemU32(0x00000068, 0x0001 Items, ...) -- CPU_ReadMem(4 bytes @ 0x00000068) - Data: AF 4C 00 00  returns 1 (0000ms, 0882ms total)
T0E34 001:123 JLINK_ReadMemU32(0x0000006C, 0x0001 Items, ...) -- CPU_ReadMem(4 bytes @ 0x0000006C) - Data: AF 4C 00 00  returns 1 (0001ms, 0883ms total)
T0E34 001:124 JLINK_ReadMemU32(0x00000070, 0x0001 Items, ...) -- CPU_ReadMem(4 bytes @ 0x00000070) - Data: AF 4C 00 00  returns 1 (0000ms, 0883ms total)
T0E34 001:124 JLINK_ReadMemU32(0x00000074, 0x0001 Items, ...) -- CPU_ReadMem(4 bytes @ 0x00000074) - Data: AF 4C 00 00  returns 1 (0000ms, 0883ms total)
T0E34 001:124 JLINK_ReadMemU32(0x00000078, 0x0001 Items, ...) -- CPU_ReadMem(4 bytes @ 0x00000078) - Data: AF 4C 00 00  returns 1 (0001ms, 0884ms total)
T0E34 001:125 JLINK_ReadMemU32(0x0000007C, 0x0001 Items, ...) -- CPU_ReadMem(4 bytes @ 0x0000007C) - Data: AF 4C 00 00  returns 1 (0000ms, 0884ms total)
T0E34 001:125 JLINK_ReadMemU32(0x00000080, 0x0001 Items, ...) -- CPU_ReadMem(4 bytes @ 0x00000080) - Data: AF 4C 00 00  returns 1 (0000ms, 0884ms total)
T0E34 001:126 JLINK_ReadMemU32(0x000001C4, 0x0001 Items, ...) -- CPU_ReadMem(4 bytes @ 0x000001C4) - Data: AF 4C 00 00  returns 1 (0000ms, 0884ms total)
T0E34 001:126 JLINK_ReadMemU32(0x000001C8, 0x0001 Items, ...) -- CPU_ReadMem(4 bytes @ 0x000001C8) - Data: AF 4C 00 00  returns 1 (0000ms, 0884ms total)
T0E34 001:126 JLINK_ReadMemU32(0x000001BC, 0x0001 Items, ...) -- CPU_ReadMem(4 bytes @ 0x000001BC) - Data: AF 4C 00 00  returns 1 (0001ms, 0885ms total)
T0E34 001:127 JLINK_ReadMemU32(0x000001C0, 0x0001 Items, ...) -- CPU_ReadMem(4 bytes @ 0x000001C0) - Data: AF 4C 00 00  returns 1 (0000ms, 0885ms total)
T0E34 001:127 JLINK_ReadMemU32(0x00000090, 0x0001 Items, ...) -- CPU_ReadMem(4 bytes @ 0x00000090) - Data: AF 4C 00 00  returns 1 (0001ms, 0886ms total)
T0E34 001:128 JLINK_ReadMemU32(0x00000094, 0x0001 Items, ...) -- CPU_ReadMem(4 bytes @ 0x00000094) - Data: AF 4C 00 00  returns 1 (0000ms, 0886ms total)
T0E34 001:128 JLINK_ReadMemU32(0x00000098, 0x0001 Items, ...) -- CPU_ReadMem(4 bytes @ 0x00000098) - Data: AF 4C 00 00  returns 1 (0000ms, 0886ms total)
T0E34 001:128 JLINK_ReadMemU32(0x0000009C, 0x0001 Items, ...) -- CPU_ReadMem(4 bytes @ 0x0000009C) - Data: AF 4C 00 00  returns 1 (0001ms, 0887ms total)
T0E34 001:129 JLINK_ReadMemU32(0x000000A0, 0x0001 Items, ...) -- CPU_ReadMem(4 bytes @ 0x000000A0) - Data: AF 4C 00 00  returns 1 (0000ms, 0887ms total)
T0E34 001:129 JLINK_ReadMemU32(0x000000A4, 0x0001 Items, ...) -- CPU_ReadMem(4 bytes @ 0x000000A4) - Data: AF 4C 00 00  returns 1 (0000ms, 0887ms total)
T0E34 001:129 JLINK_ReadMemU32(0x000000A8, 0x0001 Items, ...) -- CPU_ReadMem(4 bytes @ 0x000000A8) - Data: AF 4C 00 00  returns 1 (0001ms, 0888ms total)
T0E34 001:130 JLINK_ReadMemU32(0x000000AC, 0x0001 Items, ...) -- CPU_ReadMem(4 bytes @ 0x000000AC) - Data: AF 4C 00 00  returns 1 (0000ms, 0888ms total)
T0E34 001:130 JLINK_ReadMemU32(0x000001A8, 0x0001 Items, ...) -- CPU_ReadMem(4 bytes @ 0x000001A8) - Data: AF 4C 00 00  returns 1 (0001ms, 0889ms total)
T0E34 001:131 JLINK_ReadMemU32(0x000001AC, 0x0001 Items, ...) -- CPU_ReadMem(4 bytes @ 0x000001AC) - Data: AF 4C 00 00  returns 1 (0000ms, 0889ms total)
T0E34 001:131 JLINK_ReadMemU32(0x00000160, 0x0001 Items, ...) -- CPU_ReadMem(4 bytes @ 0x00000160) - Data: AF 4C 00 00  returns 1 (0001ms, 0890ms total)
T0E34 001:132 JLINK_ReadMemU32(0x00000164, 0x0001 Items, ...) -- CPU_ReadMem(4 bytes @ 0x00000164) - Data: AF 4C 00 00  returns 1 (0000ms, 0890ms total)
T0E34 001:132 JLINK_ReadMemU32(0x00000168, 0x0001 Items, ...) -- CPU_ReadMem(4 bytes @ 0x00000168) - Data: AF 4C 00 00  returns 1 (0000ms, 0890ms total)
T0E34 001:132 JLINK_ReadMemU32(0x0000016C, 0x0001 Items, ...) -- CPU_ReadMem(4 bytes @ 0x0000016C) - Data: AF 4C 00 00  returns 1 (0001ms, 0891ms total)
T0E34 001:133 JLINK_ReadMemU32(0x00000170, 0x0001 Items, ...) -- CPU_ReadMem(4 bytes @ 0x00000170) - Data: AF 4C 00 00  returns 1 (0000ms, 0891ms total)
T0E34 001:133 JLINK_ReadMemU32(0x00000174, 0x0001 Items, ...) -- CPU_ReadMem(4 bytes @ 0x00000174) - Data: AF 4C 00 00  returns 1 (0001ms, 0892ms total)
T0E34 001:134 JLINK_ReadMemU32(0x00000178, 0x0001 Items, ...) -- CPU_ReadMem(4 bytes @ 0x00000178) - Data: AF 4C 00 00  returns 1 (0000ms, 0892ms total)
T0E34 001:134 JLINK_ReadMemU32(0x0000017C, 0x0001 Items, ...) -- CPU_ReadMem(4 bytes @ 0x0000017C) - Data: AF 4C 00 00  returns 1 (0001ms, 0893ms total)
T0E34 001:135 JLINK_ReadMemU32(0x00000180, 0x0001 Items, ...) -- CPU_ReadMem(4 bytes @ 0x00000180) - Data: AF 4C 00 00  returns 1 (0000ms, 0893ms total)
T0E34 001:135 JLINK_ReadMemU32(0x00000184, 0x0001 Items, ...) -- CPU_ReadMem(4 bytes @ 0x00000184) - Data: AF 4C 00 00  returns 1 (0001ms, 0894ms total)
T0E34 001:136 JLINK_ReadMemU32(0x000001A0, 0x0001 Items, ...) -- CPU_ReadMem(4 bytes @ 0x000001A0) - Data: AF 4C 00 00  returns 1 (0000ms, 0894ms total)
T0E34 001:136 JLINK_ReadMemU32(0x000001A4, 0x0001 Items, ...) -- CPU_ReadMem(4 bytes @ 0x000001A4) - Data: AF 4C 00 00  returns 1 (0000ms, 0894ms total)
T0E34 001:136 JLINK_ReadMemU32(0x00000188, 0x0001 Items, ...) -- CPU_ReadMem(4 bytes @ 0x00000188) - Data: AF 4C 00 00  returns 1 (0001ms, 0895ms total)
T0E34 001:137 JLINK_ReadMemU32(0x0000018C, 0x0001 Items, ...) -- CPU_ReadMem(4 bytes @ 0x0000018C) - Data: AF 4C 00 00  returns 1 (0000ms, 0895ms total)
T0E34 001:137 JLINK_ReadMemU32(0x00000190, 0x0001 Items, ...) -- CPU_ReadMem(4 bytes @ 0x00000190) - Data: AF 4C 00 00  returns 1 (0001ms, 0896ms total)
T0E34 001:138 JLINK_ReadMemU32(0x00000194, 0x0001 Items, ...) -- CPU_ReadMem(4 bytes @ 0x00000194) - Data: AF 4C 00 00  returns 1 (0000ms, 0896ms total)
T0E34 001:138 JLINK_ReadMemU32(0x00000198, 0x0001 Items, ...) -- CPU_ReadMem(4 bytes @ 0x00000198) - Data: AF 4C 00 00  returns 1 (0000ms, 0896ms total)
T0E34 001:138 JLINK_ReadMemU32(0x0000019C, 0x0001 Items, ...) -- CPU_ReadMem(4 bytes @ 0x0000019C) - Data: AF 4C 00 00  returns 1 (0001ms, 0897ms total)
T0E34 001:139 JLINK_ReadMemU32(0x000000D0, 0x0001 Items, ...) -- CPU_ReadMem(4 bytes @ 0x000000D0) - Data: AF 4C 00 00  returns 1 (0000ms, 0897ms total)
T0E34 001:139 JLINK_ReadMemU32(0x000000D4, 0x0001 Items, ...) -- CPU_ReadMem(4 bytes @ 0x000000D4) - Data: AF 4C 00 00  returns 1 (0001ms, 0898ms total)
T0E34 001:140 JLINK_ReadMemU32(0x00000254, 0x0001 Items, ...) -- CPU_ReadMem(4 bytes @ 0x00000254) - Data: AF 4C 00 00  returns 1 (0000ms, 0898ms total)
T0E34 001:140 JLINK_ReadMemU32(0x00000258, 0x0001 Items, ...) -- CPU_ReadMem(4 bytes @ 0x00000258) - Data: AF 4C 00 00  returns 1 (0000ms, 0898ms total)
T0E34 001:140 JLINK_ReadMemU32(0x0000025C, 0x0001 Items, ...) -- CPU_ReadMem(4 bytes @ 0x0000025C) - Data: AF 4C 00 00  returns 1 (0001ms, 0899ms total)
T0E34 001:141 JLINK_ReadMemU32(0x00000260, 0x0001 Items, ...) -- CPU_ReadMem(4 bytes @ 0x00000260) - Data: AF 4C 00 00  returns 1 (0000ms, 0899ms total)
T0E34 001:141 JLINK_ReadMemU32(0x000001D0, 0x0001 Items, ...) -- CPU_ReadMem(4 bytes @ 0x000001D0) - Data: AF 4C 00 00  returns 1 (0001ms, 0900ms total)
T0E34 001:142 JLINK_ReadMemU32(0x000001D4, 0x0001 Items, ...) -- CPU_ReadMem(4 bytes @ 0x000001D4) - Data: AF 4C 00 00  returns 1 (0000ms, 0900ms total)
T0E34 001:142 JLINK_ReadMemU32(0x000000DC, 0x0001 Items, ...) -- CPU_ReadMem(4 bytes @ 0x000000DC) - Data: AF 4C 00 00  returns 1 (0000ms, 0900ms total)
T0E34 001:142 JLINK_ReadMemU32(0x000001F0, 0x0001 Items, ...) -- CPU_ReadMem(4 bytes @ 0x000001F0) - Data: AF 4C 00 00  returns 1 (0001ms, 0901ms total)
T0E34 001:143 JLINK_ReadMemU32(0x000000F0, 0x0001 Items, ...) -- CPU_ReadMem(4 bytes @ 0x000000F0) - Data: AF 4C 00 00  returns 1 (0000ms, 0901ms total)
T0E34 001:143 JLINK_ReadMemU32(0x000000E8, 0x0001 Items, ...) -- CPU_ReadMem(4 bytes @ 0x000000E8) - Data: AF 4C 00 00  returns 1 (0000ms, 0901ms total)
T0E34 001:144 JLINK_ReadMemU32(0x000000EC, 0x0001 Items, ...) -- CPU_ReadMem(4 bytes @ 0x000000EC) - Data: AF 4C 00 00  returns 1 (0000ms, 0902ms total)
T0E34 001:144 JLINK_ReadMemU32(0x000001F8, 0x0001 Items, ...) -- CPU_ReadMem(4 bytes @ 0x000001F8) - Data: AF 4C 00 00  returns 1 (0000ms, 0902ms total)
T0E34 001:144 JLINK_ReadMemU32(0x000001FC, 0x0001 Items, ...) -- CPU_ReadMem(4 bytes @ 0x000001FC) - Data: AF 4C 00 00  returns 1 (0001ms, 0903ms total)
T0E34 001:145 JLINK_ReadMemU32(0x00000208, 0x0001 Items, ...) -- CPU_ReadMem(4 bytes @ 0x00000208) - Data: AF 4C 00 00  returns 1 (0000ms, 0903ms total)
T0E34 001:145 JLINK_ReadMemU32(0x0000020C, 0x0001 Items, ...) -- CPU_ReadMem(4 bytes @ 0x0000020C) - Data: AF 4C 00 00  returns 1 (0001ms, 0904ms total)
T0E34 001:146 JLINK_ReadMemU32(0x00000204, 0x0001 Items, ...) -- CPU_ReadMem(4 bytes @ 0x00000204) - Data: AF 4C 00 00  returns 1 (0000ms, 0904ms total)
T0E34 001:146 JLINK_ReadMemU32(0x00000200, 0x0001 Items, ...) -- CPU_ReadMem(4 bytes @ 0x00000200) - Data: AF 4C 00 00  returns 1 (0001ms, 0905ms total)
T0E34 001:147 JLINK_ReadMemU32(0x000001F4, 0x0001 Items, ...) -- CPU_ReadMem(4 bytes @ 0x000001F4) - Data: AF 4C 00 00  returns 1 (0000ms, 0905ms total)
T0E34 001:147 JLINK_ReadMemU32(0x00000108, 0x0001 Items, ...) -- CPU_ReadMem(4 bytes @ 0x00000108) - Data: AF 4C 00 00  returns 1 (0000ms, 0905ms total)
T0E34 001:147 JLINK_ReadMemU32(0x0000010C, 0x0001 Items, ...) -- CPU_ReadMem(4 bytes @ 0x0000010C) - Data: AF 4C 00 00  returns 1 (0001ms, 0906ms total)
T0E34 001:148 JLINK_ReadMemU32(0x00000130, 0x0001 Items, ...) -- CPU_ReadMem(4 bytes @ 0x00000130) - Data: AF 4C 00 00  returns 1 (0000ms, 0906ms total)
T0E34 001:148 JLINK_ReadMemU32(0x00000120, 0x0001 Items, ...) -- CPU_ReadMem(4 bytes @ 0x00000120) - Data: AF 4C 00 00  returns 1 (0001ms, 0907ms total)
T0E34 001:149 JLINK_ReadMemU32(0x00000124, 0x0001 Items, ...) -- CPU_ReadMem(4 bytes @ 0x00000124) - Data: AF 4C 00 00  returns 1 (0000ms, 0907ms total)
T0E34 001:149 JLINK_ReadMemU32(0x00000128, 0x0001 Items, ...) -- CPU_ReadMem(4 bytes @ 0x00000128) - Data: AF 4C 00 00  returns 1 (0000ms, 0907ms total)
T0E34 001:149 JLINK_ReadMemU32(0x0000012C, 0x0001 Items, ...) -- CPU_ReadMem(4 bytes @ 0x0000012C) - Data: AF 4C 00 00  returns 1 (0001ms, 0908ms total)
T0E34 001:150 JLINK_ReadMemU32(0x000000C0, 0x0001 Items, ...) -- CPU_ReadMem(4 bytes @ 0x000000C0) - Data: AF 4C 00 00  returns 1 (0000ms, 0908ms total)
T0E34 001:150 JLINK_ReadMemU32(0x000000C4, 0x0001 Items, ...) -- CPU_ReadMem(4 bytes @ 0x000000C4) - Data: AF 4C 00 00  returns 1 (0000ms, 0908ms total)
T0E34 001:151 JLINK_ReadMemU32(0x000000C8, 0x0001 Items, ...) -- CPU_ReadMem(4 bytes @ 0x000000C8) - Data: AF 4C 00 00  returns 1 (0000ms, 0908ms total)
T0E34 001:151 JLINK_ReadMemU32(0x000000CC, 0x0001 Items, ...) -- CPU_ReadMem(4 bytes @ 0x000000CC) - Data: AF 4C 00 00  returns 1 (0000ms, 0908ms total)
T0E34 001:151 JLINK_ReadMemU32(0x00000218, 0x0001 Items, ...) -- CPU_ReadMem(4 bytes @ 0x00000218) - Data: AF 4C 00 00  returns 1 (0001ms, 0909ms total)
T0E34 001:152 JLINK_ReadMemU32(0x0000021C, 0x0001 Items, ...) -- CPU_ReadMem(4 bytes @ 0x0000021C) - Data: AF 4C 00 00  returns 1 (0000ms, 0909ms total)
T0E34 001:152 JLINK_ReadMemU32(0x00000220, 0x0001 Items, ...) -- CPU_ReadMem(4 bytes @ 0x00000220) - Data: AF 4C 00 00  returns 1 (0001ms, 0910ms total)
T0E34 001:153 JLINK_ReadMemU32(0x00000224, 0x0001 Items, ...) -- CPU_ReadMem(4 bytes @ 0x00000224) - Data: AF 4C 00 00  returns 1 (0000ms, 0910ms total)
T0E34 001:153 JLINK_ReadMemU32(0x00000244, 0x0001 Items, ...) -- CPU_ReadMem(4 bytes @ 0x00000244) - Data: AF 4C 00 00  returns 1 (0000ms, 0910ms total)
T0E34 001:153 JLINK_ReadMemU32(0x00000248, 0x0001 Items, ...) -- CPU_ReadMem(4 bytes @ 0x00000248) - Data: AF 4C 00 00  returns 1 (0001ms, 0911ms total)
T0E34 001:154 JLINK_ReadMemU32(0x0000024C, 0x0001 Items, ...) -- CPU_ReadMem(4 bytes @ 0x0000024C) - Data: AF 4C 00 00  returns 1 (0000ms, 0911ms total)
T0E34 001:154 JLINK_ReadMemU32(0x00000250, 0x0001 Items, ...) -- CPU_ReadMem(4 bytes @ 0x00000250) - Data: AF 4C 00 00  returns 1 (0000ms, 0911ms total)
T0E34 001:154 JLINK_ReadMemU32(0x000001D8, 0x0001 Items, ...) -- CPU_ReadMem(4 bytes @ 0x000001D8) - Data: AF 4C 00 00  returns 1 (0001ms, 0912ms total)
T0E34 001:155 JLINK_ReadMemU32(0x000001DC, 0x0001 Items, ...) -- CPU_ReadMem(4 bytes @ 0x000001DC) - Data: AF 4C 00 00  returns 1 (0000ms, 0912ms total)
T0E34 001:155 JLINK_ReadMemU32(0x000001E0, 0x0001 Items, ...) -- CPU_ReadMem(4 bytes @ 0x000001E0) - Data: AF 4C 00 00  returns 1 (0001ms, 0913ms total)
T0E34 001:156 JLINK_ReadMemU32(0x000001E4, 0x0001 Items, ...) -- CPU_ReadMem(4 bytes @ 0x000001E4) - Data: AF 4C 00 00  returns 1 (0000ms, 0913ms total)
T0E34 001:156 JLINK_ReadMemU32(0x000001E8, 0x0001 Items, ...) -- CPU_ReadMem(4 bytes @ 0x000001E8) - Data: AF 4C 00 00  returns 1 (0000ms, 0913ms total)
T0E34 001:156 JLINK_ReadMemU32(0x00000264, 0x0001 Items, ...) -- CPU_ReadMem(4 bytes @ 0x00000264) - Data: AF 4C 00 00  returns 1 (0001ms, 0914ms total)
T0E34 001:157 JLINK_ReadMemU32(0x00000268, 0x0001 Items, ...) -- CPU_ReadMem(4 bytes @ 0x00000268) - Data: AF 4C 00 00  returns 1 (0000ms, 0914ms total)
T0E34 001:157 JLINK_ReadMemU32(0x0000026C, 0x0001 Items, ...) -- CPU_ReadMem(4 bytes @ 0x0000026C) - Data: AF 4C 00 00  returns 1 (0001ms, 0915ms total)
T0E34 001:158 JLINK_ReadMemU32(0x00000270, 0x0001 Items, ...) -- CPU_ReadMem(4 bytes @ 0x00000270) - Data: AF 4C 00 00  returns 1 (0000ms, 0915ms total)
T0E34 001:158 JLINK_ReadMemU32(0x00000274, 0x0001 Items, ...) -- CPU_ReadMem(4 bytes @ 0x00000274) - Data: AF 4C 00 00  returns 1 (0000ms, 0915ms total)
T0E34 001:158 JLINK_ReadMemU32(0x00000278, 0x0001 Items, ...) -- CPU_ReadMem(4 bytes @ 0x00000278) - Data: AF 4C 00 00  returns 1 (0001ms, 0916ms total)
T0E34 001:159 JLINK_ReadMemU32(0x0000027C, 0x0001 Items, ...) -- CPU_ReadMem(4 bytes @ 0x0000027C) - Data: AF 4C 00 00  returns 1 (0000ms, 0916ms total)
T0E34 001:159 JLINK_ReadMemU32(0x00000280, 0x0001 Items, ...) -- CPU_ReadMem(4 bytes @ 0x00000280) - Data: AF 4C 00 00  returns 1 (0001ms, 0917ms total)
T0E34 001:160 JLINK_ReadMemU32(0x00000284, 0x0001 Items, ...) -- CPU_ReadMem(4 bytes @ 0x00000284) - Data: AF 4C 00 00  returns 1 (0000ms, 0917ms total)
T0E34 001:160 JLINK_ReadMemU32(0x00000288, 0x0001 Items, ...) -- CPU_ReadMem(4 bytes @ 0x00000288) - Data: AF 4C 00 00  returns 1 (0000ms, 0917ms total)
T0E34 001:160 JLINK_ReadMemU32(0x0000028C, 0x0001 Items, ...) -- CPU_ReadMem(4 bytes @ 0x0000028C) - Data: AF 4C 00 00  returns 1 (0001ms, 0918ms total)
T0E34 001:161 JLINK_ReadMemU32(0x00000290, 0x0001 Items, ...) -- CPU_ReadMem(4 bytes @ 0x00000290) - Data: AF 4C 00 00  returns 1 (0000ms, 0918ms total)
T0E34 001:161 JLINK_ReadMemU32(0x00000294, 0x0001 Items, ...) -- CPU_ReadMem(4 bytes @ 0x00000294) - Data: AF 4C 00 00  returns 1 (0001ms, 0919ms total)
T0E34 001:162 JLINK_ReadMemU32(0x00000298, 0x0001 Items, ...) -- CPU_ReadMem(4 bytes @ 0x00000298) - Data: AF 4C 00 00  returns 1 (0000ms, 0919ms total)
T0E34 001:162 JLINK_ReadMemU32(0x0000029C, 0x0001 Items, ...) -- CPU_ReadMem(4 bytes @ 0x0000029C) - Data: AF 4C 00 00  returns 1 (0000ms, 0919ms total)
T0E34 001:162 JLINK_ReadMemU32(0x0000011C, 0x0001 Items, ...) -- CPU_ReadMem(4 bytes @ 0x0000011C) - Data: AF 4C 00 00  returns 1 (0001ms, 0920ms total)
T0E34 001:163 JLINK_ReadMemU32(0x000000B0, 0x0001 Items, ...) -- CPU_ReadMem(4 bytes @ 0x000000B0) - Data: AF 4C 00 00  returns 1 (0000ms, 0920ms total)
T0E34 001:163 JLINK_ReadMemU32(0x000000B4, 0x0001 Items, ...) -- CPU_ReadMem(4 bytes @ 0x000000B4) - Data: AF 4C 00 00  returns 1 (0001ms, 0921ms total)
T0E34 001:164 JLINK_ReadMemU32(0x000000B8, 0x0001 Items, ...) -- CPU_ReadMem(4 bytes @ 0x000000B8) - Data: AF 4C 00 00  returns 1 (0000ms, 0921ms total)
T0E34 001:164 JLINK_ReadMemU32(0x000000BC, 0x0001 Items, ...) -- CPU_ReadMem(4 bytes @ 0x000000BC) - Data: AF 4C 00 00  returns 1 (0000ms, 0921ms total)
T0E34 001:164 JLINK_ReadMemU32(0x00000008, 0x0001 Items, ...) -- CPU_ReadMem(4 bytes @ 0x00000008) - Data: A1 4C 00 00  returns 1 (0001ms, 0922ms total)
T0E34 001:165 JLINK_ReadMemU32(0x0000000C, 0x0001 Items, ...) -- CPU_ReadMem(4 bytes @ 0x0000000C) - Data: 7D 34 00 00  returns 1 (0000ms, 0922ms total)
T0E34 001:165 JLINK_ReadMemU32(0x00000010, 0x0001 Items, ...) -- CPU_ReadMem(4 bytes @ 0x00000010) - Data: A3 0E 00 00  returns 1 (0000ms, 0922ms total)
T0E34 001:165 JLINK_ReadMemU32(0x00000014, 0x0001 Items, ...) -- CPU_ReadMem(4 bytes @ 0x00000014) - Data: A3 0E 00 00  returns 1 (0001ms, 0923ms total)
T0E34 001:166 JLINK_ReadMemU32(0x00000018, 0x0001 Items, ...) -- CPU_ReadMem(4 bytes @ 0x00000018) - Data: A3 0E 00 00  returns 1 (0000ms, 0923ms total)
T0E34 001:166 JLINK_ReadMemU32(0x0000002C, 0x0001 Items, ...) -- CPU_ReadMem(4 bytes @ 0x0000002C) - Data: 00 00 00 00  returns 1 (0001ms, 0924ms total)
T0E34 001:167 JLINK_ReadMemU32(0x00000030, 0x0001 Items, ...) -- CPU_ReadMem(4 bytes @ 0x00000030) - Data: A3 0E 00 00  returns 1 (0000ms, 0924ms total)
T0E34 001:167 JLINK_ReadMemU32(0x00000038, 0x0001 Items, ...) -- CPU_ReadMem(4 bytes @ 0x00000038) - Data: 00 00 00 00  returns 1 (0001ms, 0925ms total)
T0E34 001:168 JLINK_ReadMemU32(0x0000003C, 0x0001 Items, ...) -- CPU_ReadMem(4 bytes @ 0x0000003C) - Data: A3 0E 00 00  returns 1 (0000ms, 0925ms total)
T2C60 001:225 JLINK_ReadMemU16(0x00004C80, 0x0001 Items, ...) -- CPU_ReadMem(2 bytes @ 0x00004C80) - Data: FF F7  returns 1 (0000ms, 0925ms total)
T2C60 001:225 JLINK_GetEmuCaps()  returns 0xF9FF7BFF (0000ms, 0925ms total)
T2C60 001:225 JLINK_ReadMemU16(0x00004C80, 0x0001 Items, ...) -- CPU_ReadMem(2 bytes @ 0x00004C80) - Data: FF F7  returns 1 (0001ms, 0926ms total)
T2C60 001:226 JLINK_GetEmuCaps()  returns 0xF9FF7BFF (0000ms, 0926ms total)
T2C60 001:226 JLINK_GetEmuCaps()  returns 0xF9FF7BFF (0000ms, 0926ms total)
T2C60 001:226 JLINK_ReadMemU32(0xE000EDFC, 0x0001 Items, ...) - Data: F1 0F 00 01  returns 1 (0000ms, 0926ms total)
T2C60 001:226 JLINK_WriteU32(0xE000EDFC, 0x01000FF1)  returns 0 (0000ms, 0926ms total)
T2C60 001:226 JLINK_ReadMemU32(0xE0002000, 0x0001 Items, ...) -- CPU_ReadMem(4 bytes @ 0xE0002000) - Data: 81 00 00 10  returns 1 (0000ms, 0926ms total)
T2C60 001:226 JLINK_ReadMemU32(0xE0002000, 0x0001 Items, ...) -- CPU_ReadMem(4 bytes @ 0xE0002000) - Data: 81 00 00 10  returns 1 (0001ms, 0927ms total)
T2C60 001:227 JLINK_ReadMemU32(0xE0001000, 0x0001 Items, ...) -- CPU_ReadMem(4 bytes @ 0xE0001000) - Data: 01 00 00 40  returns 1 (0000ms, 0927ms total)
T2C60 001:227 JLINK_GetEmuCaps()  returns 0xF9FF7BFF (0000ms, 0927ms total)
T2C60 001:227 JLINK_ReadMemU32(0xE000EDFC, 0x0001 Items, ...) - Data: F1 0F 00 01  returns 1 (0000ms, 0927ms total)
T2C60 001:227 JLINK_WriteU32(0xE000EDFC, 0x01000FF1)  returns 0 (0000ms, 0927ms total)
T2C60 001:227 JLINK_WriteVectorCatch(0x00000000) -- CPU_WriteMem(4 bytes @ 0xE000EDFC)  returns 0x00 (0001ms, 0928ms total)
T2C60 001:228 JLINK_WriteU32(0xE0001028, 0x00000000)  returns 0 (0000ms, 0928ms total)
T2C60 001:228 JLINK_WriteU32(0xE0001038, 0x00000000)  returns 0 (0000ms, 0928ms total)
T2C60 001:228 JLINK_WriteU32(0xE0001048, 0x00000000)  returns 0 (0000ms, 0928ms total)
T2C60 001:228 JLINK_WriteU32(0xE0001058, 0x00000000)  returns 0 (0000ms, 0928ms total)
T2C60 001:228 JLINK_POWERTRACE_Control(JLINK_POWERTRACE_CMD_START, ...)  returns 0x00 (0000ms, 0928ms total)
T2C60 001:229 JLINK_Step() -- CPU_ReadMem(2 bytes @ 0x00004C80) -- CPU_ReadMem(4 bytes @ 0xE000ED18) -- CPU_WriteMem(4 bytes @ 0xE000ED18) -- CPU_ReadMem(4 bytes @ 0xE000ED18) -- CPU_WriteMem(4 bytes @ 0xE000ED18) -- Not simulated -- CPU_WriteMem(4 bytes @ 0xE0002000) -- CPU_WriteMem(4 bytes @ 0xE0002000) -- CPU_WriteMem(4 bytes @ 0xE0001028) -- CPU_WriteMem(4 bytes @ 0xE0001038) -- CPU_WriteMem(4 bytes @ 0xE0001048) -- CPU_WriteMem(4 bytes @ 0xE0001058) -- CPU_WriteMem(4 bytes @ 0xE0002008)
 -- CPU_WriteMem(4 bytes @ 0xE000200C) -- CPU_WriteMem(4 bytes @ 0xE0002010) -- CPU_WriteMem(4 bytes @ 0xE0002014) -- CPU_WriteMem(4 bytes @ 0xE0002018) -- CPU_WriteMem(4 bytes @ 0xE000201C) -- CPU_WriteMem(4 bytes @ 0xE0002020) -- CPU_WriteMem(4 bytes @ 0xE0002024)  returns 0x00 (0010ms, 0939ms total)
T2C60 001:242 JLINK_IsHalted()  returns TRUE (0000ms, 0939ms total)
T2C60 001:242 JLINK_POWERTRACE_Control(JLINK_POWERTRACE_CMD_STOP, ...)  returns 0x89 (0000ms, 0939ms total)
T2C60 001:244 JLINK_ReadRegs(NumRegs = 1, Indexes: 15) -- R15 (PC)=0x4B34  returns 0x00 (0000ms, 0939ms total)
T2C60 001:244 JLINK_GetEmuCaps()  returns 0xF9FF7BFF (0000ms, 0939ms total)
T2C60 001:244 JLINK_WriteVectorCatch(0x00000FF1) -- CPU_WriteMem(4 bytes @ 0xE000EDFC)  returns 0x00 (0000ms, 0939ms total)
T2C60 001:244 JLINK_ReadMemU32(0xE000EDFC, 0x0001 Items, ...) - Data: F1 0F 00 01  returns 1 (0000ms, 0939ms total)
T2C60 001:244 JLINK_WriteU32(0xE000EDFC, 0x01000FF1)  returns 0 (0000ms, 0939ms total)
T2C60 001:244 JLINK_WriteU32(0xE0001028, 0x00000000)  returns 0 (0000ms, 0939ms total)
T2C60 001:244 JLINK_WriteU32(0xE0001038, 0x00000000)  returns 0 (0000ms, 0939ms total)
T2C60 001:244 JLINK_WriteU32(0xE0001048, 0x00000000)  returns 0 (0000ms, 0939ms total)
T2C60 001:244 JLINK_WriteU32(0xE0001058, 0x00000000)  returns 0 (0000ms, 0939ms total)
T2C60 001:244 JLINK_POWERTRACE_Control(JLINK_POWERTRACE_CMD_START, ...)  returns 0x00 (0000ms, 0939ms total)
T2C60 001:245 JLINK_Go() -- CPU_WriteMem(4 bytes @ 0xE0002000) -- CPU_WriteMem(4 bytes @ 0xE0002000) -- CPU_WriteMem(4 bytes @ 0xE0002000) -- CPU_ReadMem(4 bytes @ 0xE0001000) -- CPU_WriteMem(4 bytes @ 0xE0001028) -- CPU_WriteMem(4 bytes @ 0xE0001038) -- CPU_WriteMem(4 bytes @ 0xE0001048) -- CPU_WriteMem(4 bytes @ 0xE0001058) -- CPU_WriteMem(4 bytes @ 0xE0002010) (0004ms, 0944ms total)
T2C60 001:251 JLINK_IsHalted()  returns TRUE (0003ms, 0947ms total)
T2C60 001:254 JLINK_POWERTRACE_Control(JLINK_POWERTRACE_CMD_STOP, ...)  returns 0x62 (0000ms, 0945ms total)
T2C60 001:256 JLINK_GetEmuCaps()  returns 0xF9FF7BFF (0000ms, 0945ms total)
T2C60 001:256 JLINK_ReadMemU32(0xE000EDFC, 0x0001 Items, ...) - Data: F1 0F 00 01  returns 1 (0000ms, 0945ms total)
T2C60 001:256 JLINK_WriteU32(0xE000EDFC, 0x01000FF1)  returns 0 (0000ms, 0945ms total)
T2C60 001:256 JLINK_WriteVectorCatch(0x00000000) -- CPU_WriteMem(4 bytes @ 0xE000EDFC)  returns 0x00 (0000ms, 0945ms total)
T2C60 001:256 JLINK_WriteU32(0xE0001028, 0x00000000)  returns 0 (0000ms, 0945ms total)
T2C60 001:256 JLINK_WriteU32(0xE0001038, 0x00000000)  returns 0 (0000ms, 0945ms total)
T2C60 001:256 JLINK_WriteU32(0xE0001048, 0x00000000)  returns 0 (0000ms, 0945ms total)
T2C60 001:256 JLINK_WriteU32(0xE0001058, 0x00000000)  returns 0 (0000ms, 0945ms total)
T2C60 001:256 JLINK_ReadRegs(NumRegs = 1, Indexes: 15) -- R15 (PC)=0x4BCC  returns 0x00 (0000ms, 0945ms total)
T2C60 001:256 JLINK_GetEmuCaps()  returns 0xF9FF7BFF (0000ms, 0945ms total)
T2C60 001:256 JLINK_ClrBPEx(BPHandle = 0x00000002)  returns 0x00 (0000ms, 0945ms total)
T2C60 001:256 JLINK_GetEmuCaps()  returns 0xF9FF7BFF (0000ms, 0945ms total)
T2C60 001:256 JLINK_WriteVectorCatch(0x00000FF1) -- CPU_WriteMem(4 bytes @ 0xE000EDFC)  returns 0x00 (0001ms, 0946ms total)
T2C60 001:257 JLINK_ReadRegs(NumRegs = 1, Indexes: 14) -- R14=0x4B4F  returns 0x00 (0000ms, 0946ms total)
T2C60 001:257 JLINK_ReadRegs(NumRegs = 1, Indexes: 0) -- R0=0x9234BFC0  returns 0x00 (0000ms, 0946ms total)
T2C60 001:257 JLINK_ReadRegs(NumRegs = 1, Indexes: 1) -- R1=0xBD9AEAE0  returns 0x00 (0000ms, 0946ms total)
T2C60 001:257 JLINK_ReadRegs(NumRegs = 1, Indexes: 2) -- R2=0xFD41B988  returns 0x00 (0000ms, 0946ms total)
T2C60 001:257 JLINK_ReadRegs(NumRegs = 1, Indexes: 3) -- R3=0x00  returns 0x00 (0000ms, 0946ms total)
T2C60 001:257 JLINK_ReadRegs(NumRegs = 1, Indexes: 4) -- R4=0x200003EC  returns 0x00 (0000ms, 0946ms total)
T2C60 001:257 JLINK_ReadRegs(NumRegs = 1, Indexes: 5) -- R5=0x00  returns 0x00 (0000ms, 0946ms total)
T2C60 001:257 JLINK_ReadRegs(NumRegs = 1, Indexes: 6) -- R6=0x00  returns 0x00 (0000ms, 0946ms total)
T2C60 001:257 JLINK_ReadRegs(NumRegs = 1, Indexes: 7) -- R7=0x00  returns 0x00 (0000ms, 0946ms total)
T2C60 001:257 JLINK_ReadRegs(NumRegs = 1, Indexes: 8) -- R8=0x00  returns 0x00 (0000ms, 0946ms total)
T2C60 001:257 JLINK_ReadRegs(NumRegs = 1, Indexes: 9) -- R9=0x00  returns 0x00 (0000ms, 0946ms total)
T2C60 001:257 JLINK_ReadRegs(NumRegs = 1, Indexes: 10) -- R10=0x00  returns 0x00 (0000ms, 0946ms total)
T2C60 001:257 JLINK_ReadRegs(NumRegs = 1, Indexes: 11) -- R11=0x00  returns 0x00 (0000ms, 0946ms total)
T2C60 001:257 JLINK_ReadRegs(NumRegs = 1, Indexes: 12) -- R12=0x00  returns 0x00 (0000ms, 0946ms total)
T2C60 001:257 JLINK_ReadRegs(NumRegs = 1, Indexes: 17) -- MSP=0x20004438  returns 0x00 (0000ms, 0946ms total)
T2C60 001:257 JLINK_ReadRegs(NumRegs = 1, Indexes: 18) -- PSP=0x00  returns 0x00 (0000ms, 0946ms total)
T2C60 001:257 JLINK_ReadRegs(NumRegs = 1, Indexes: 14) -- R14=0x4B4F  returns 0x00 (0000ms, 0946ms total)
T2C60 001:257 JLINK_ReadRegs(NumRegs = 1, Indexes: 15) -- R15 (PC)=0x4BCC  returns 0x00 (0000ms, 0946ms total)
T2C60 001:257 JLINK_ReadRegs(NumRegs = 1, Indexes: 16) -- XPSR=0x1000000  returns 0x00 (0000ms, 0946ms total)
T2C60 001:257 JLINK_ReadRegs(NumRegs = 1, Indexes: 20) -- CFBP=0x00  returns 0x00 (0000ms, 0946ms total)
T2C60 001:257 JLINK_ReadMemU32(0xE0001004, 0x0001 Items, ...) -- CPU_ReadMem(4 bytes @ 0xE0001004) - Data: 26 6B 96 74  returns 1 (0000ms, 0946ms total)
T0E34 002:596 JLINK_ReadMemU32(0x201FFF80, 0x0004 Items, ...) -- CPU_ReadMem(16 bytes @ 0x201FFF80)  returns -1 (0001ms, 0947ms total)
T0E34 002:597 JLINK_ReadMemU32(0x201FFF80, 0x0001 Items, ...) -- CPU_ReadMem(4 bytes @ 0x201FFF80)  returns -1 (0000ms, 0947ms total)
T0E34 002:597 JLINK_ReadMemU32(0x201FFF84, 0x0001 Items, ...) -- CPU_ReadMem(4 bytes @ 0x201FFF84)  returns -1 (0001ms, 0948ms total)
T0E34 002:598 JLINK_ReadMemU32(0x201FFF88, 0x0001 Items, ...) -- CPU_ReadMem(4 bytes @ 0x201FFF88)  returns -1 (0000ms, 0948ms total)
T0E34 002:598 JLINK_ReadMemU32(0x201FFF8C, 0x0001 Items, ...) -- CPU_ReadMem(4 bytes @ 0x201FFF8C)  returns -1 (0001ms, 0949ms total)
T0E34 002:599 JLINK_ReadMemU32(0x201FFF90, 0x0004 Items, ...) -- CPU_ReadMem(16 bytes @ 0x201FFF90)  returns -1 (0000ms, 0949ms total)
T0E34 002:599 JLINK_ReadMemU32(0x201FFF90, 0x0001 Items, ...) -- CPU_ReadMem(4 bytes @ 0x201FFF90)  returns -1 (0001ms, 0950ms total)
T0E34 002:600 JLINK_ReadMemU32(0x201FFF94, 0x0001 Items, ...) -- CPU_ReadMem(4 bytes @ 0x201FFF94)  returns -1 (0000ms, 0950ms total)
T0E34 002:600 JLINK_ReadMemU32(0x201FFF98, 0x0001 Items, ...) -- CPU_ReadMem(4 bytes @ 0x201FFF98)  returns -1 (0001ms, 0951ms total)
T0E34 002:601 JLINK_ReadMemU32(0x201FFF9C, 0x0001 Items, ...) -- CPU_ReadMem(4 bytes @ 0x201FFF9C)  returns -1 (0000ms, 0951ms total)
T0E34 002:601 JLINK_ReadMemU32(0x201FFFA0, 0x0004 Items, ...) -- CPU_ReadMem(16 bytes @ 0x201FFFA0)  returns -1 (0001ms, 0952ms total)
T0E34 002:602 JLINK_ReadMemU32(0x201FFFA0, 0x0001 Items, ...) -- CPU_ReadMem(4 bytes @ 0x201FFFA0)  returns -1 (0000ms, 0952ms total)
T0E34 002:602 JLINK_ReadMemU32(0x201FFFA4, 0x0001 Items, ...) -- CPU_ReadMem(4 bytes @ 0x201FFFA4)  returns -1 (0001ms, 0953ms total)
T0E34 002:603 JLINK_ReadMemU32(0x201FFFA8, 0x0001 Items, ...) -- CPU_ReadMem(4 bytes @ 0x201FFFA8)  returns -1 (0000ms, 0953ms total)
T0E34 002:603 JLINK_ReadMemU32(0x201FFFAC, 0x0001 Items, ...) -- CPU_ReadMem(4 bytes @ 0x201FFFAC)  returns -1 (0001ms, 0954ms total)
T0E34 002:604 JLINK_ReadMemU32(0x201FFFB0, 0x0004 Items, ...) -- CPU_ReadMem(16 bytes @ 0x201FFFB0)  returns -1 (0000ms, 0954ms total)
T0E34 002:604 JLINK_ReadMemU32(0x201FFFB0, 0x0001 Items, ...) -- CPU_ReadMem(4 bytes @ 0x201FFFB0)  returns -1 (0001ms, 0955ms total)
T0E34 002:605 JLINK_ReadMemU32(0x201FFFB4, 0x0001 Items, ...) -- CPU_ReadMem(4 bytes @ 0x201FFFB4)  returns -1 (0000ms, 0955ms total)
T0E34 002:606 JLINK_ReadMemU32(0x201FFFB8, 0x0001 Items, ...) -- CPU_ReadMem(4 bytes @ 0x201FFFB8)  returns -1 (0000ms, 0956ms total)
T0E34 002:606 JLINK_ReadMemU32(0x201FFFBC, 0x0001 Items, ...) -- CPU_ReadMem(4 bytes @ 0x201FFFBC)  returns -1 (0001ms, 0957ms total)
T0E34 002:607 JLINK_ReadMemU32(0x201FFFC0, 0x0004 Items, ...) -- CPU_ReadMem(16 bytes @ 0x201FFFC0)  returns -1 (0000ms, 0957ms total)
T0E34 002:607 JLINK_ReadMemU32(0x201FFFC0, 0x0001 Items, ...) -- CPU_ReadMem(4 bytes @ 0x201FFFC0)  returns -1 (0001ms, 0958ms total)
T0E34 002:608 JLINK_ReadMemU32(0x201FFFC4, 0x0001 Items, ...) -- CPU_ReadMem(4 bytes @ 0x201FFFC4)  returns -1 (0000ms, 0958ms total)
T0E34 002:608 JLINK_ReadMemU32(0x201FFFC8, 0x0001 Items, ...) -- CPU_ReadMem(4 bytes @ 0x201FFFC8)  returns -1 (0001ms, 0959ms total)
T0E34 002:609 JLINK_ReadMemU32(0x201FFFCC, 0x0001 Items, ...) -- CPU_ReadMem(4 bytes @ 0x201FFFCC)  returns -1 (0000ms, 0959ms total)
T0E34 002:609 JLINK_ReadMemU32(0x201FFFD0, 0x0004 Items, ...) -- CPU_ReadMem(16 bytes @ 0x201FFFD0)  returns -1 (0001ms, 0960ms total)
T0E34 002:610 JLINK_ReadMemU32(0x201FFFD0, 0x0001 Items, ...) -- CPU_ReadMem(4 bytes @ 0x201FFFD0)  returns -1 (0000ms, 0960ms total)
T0E34 002:610 JLINK_ReadMemU32(0x201FFFD4, 0x0001 Items, ...) -- CPU_ReadMem(4 bytes @ 0x201FFFD4)  returns -1 (0001ms, 0961ms total)
T0E34 002:611 JLINK_ReadMemU32(0x201FFFD8, 0x0001 Items, ...) -- CPU_ReadMem(4 bytes @ 0x201FFFD8)  returns -1 (0001ms, 0962ms total)
T0E34 002:612 JLINK_ReadMemU32(0x201FFFDC, 0x0001 Items, ...) -- CPU_ReadMem(4 bytes @ 0x201FFFDC)  returns -1 (0000ms, 0962ms total)
T0E34 002:612 JLINK_ReadMemU32(0x201FFFE0, 0x0004 Items, ...) -- CPU_ReadMem(16 bytes @ 0x201FFFE0)  returns -1 (0001ms, 0963ms total)
T0E34 002:613 JLINK_ReadMemU32(0x201FFFE0, 0x0001 Items, ...) -- CPU_ReadMem(4 bytes @ 0x201FFFE0)  returns -1 (0000ms, 0963ms total)
T0E34 002:613 JLINK_ReadMemU32(0x201FFFE4, 0x0001 Items, ...) -- CPU_ReadMem(4 bytes @ 0x201FFFE4)  returns -1 (0001ms, 0964ms total)
T0E34 002:614 JLINK_ReadMemU32(0x201FFFE8, 0x0001 Items, ...) -- CPU_ReadMem(4 bytes @ 0x201FFFE8)  returns -1 (0000ms, 0964ms total)
T0E34 002:614 JLINK_ReadMemU32(0x201FFFEC, 0x0001 Items, ...) -- CPU_ReadMem(4 bytes @ 0x201FFFEC)  returns -1 (0001ms, 0965ms total)
T0E34 002:615 JLINK_ReadMemU32(0x201FFFF0, 0x0004 Items, ...) -- CPU_ReadMem(16 bytes @ 0x201FFFF0)  returns -1 (0000ms, 0965ms total)
T0E34 002:615 JLINK_ReadMemU32(0x201FFFF0, 0x0001 Items, ...) -- CPU_ReadMem(4 bytes @ 0x201FFFF0)  returns -1 (0001ms, 0966ms total)
T0E34 002:616 JLINK_ReadMemU32(0x201FFFF4, 0x0001 Items, ...) -- CPU_ReadMem(4 bytes @ 0x201FFFF4)  returns -1 (0000ms, 0966ms total)
T0E34 002:616 JLINK_ReadMemU32(0x201FFFF8, 0x0001 Items, ...) -- CPU_ReadMem(4 bytes @ 0x201FFFF8)  returns -1 (0001ms, 0967ms total)
T0E34 002:617 JLINK_ReadMemU32(0x201FFFFC, 0x0001 Items, ...) -- CPU_ReadMem(4 bytes @ 0x201FFFFC)  returns -1 (0000ms, 0967ms total)
T0E34 002:617 JLINK_ReadMemU32(0x20200000, 0x0004 Items, ...) -- CPU_ReadMem(16 bytes @ 0x20200000) - Data: DD 10 78 2E EF 77 9B 0F 21 D6 7C F3 AE 5A B8 47  returns 4 (0001ms, 0968ms total)
T0E34 002:618 JLINK_GetEmuCaps()  returns 0xF9FF7BFF (0000ms, 0968ms total)
T0E34 002:618 JLINK_ReadMemU32(0x20200010, 0x0004 Items, ...) -- CPU_ReadMem(16 bytes @ 0x20200010) - Data: 84 8B C7 50 F5 70 44 32 36 D3 4F 73 84 D6 EB F8  returns 4 (0001ms, 0969ms total)
T0E34 002:619 JLINK_GetEmuCaps()  returns 0xF9FF7BFF (0000ms, 0969ms total)
T0E34 002:619 JLINK_ReadMemU32(0x20200020, 0x0004 Items, ...) -- CPU_ReadMem(16 bytes @ 0x20200020) - Data: A2 15 69 70 E8 BE 70 CC B0 88 38 40 04 52 D2 49  returns 4 (0000ms, 0969ms total)
T0E34 002:619 JLINK_GetEmuCaps()  returns 0xF9FF7BFF (0000ms, 0969ms total)
T0E34 002:619 JLINK_ReadMemU32(0x20200030, 0x0004 Items, ...) -- CPU_ReadMem(16 bytes @ 0x20200030) - Data: 6B 55 31 B0 8B 0C 37 2D 37 35 B6 F7 AD 75 A9 AD  returns 4 (0001ms, 0970ms total)
T0E34 002:620 JLINK_GetEmuCaps()  returns 0xF9FF7BFF (0000ms, 0970ms total)
T0E34 002:620 JLINK_ReadMemU32(0x20200040, 0x0004 Items, ...) -- CPU_ReadMem(16 bytes @ 0x20200040) - Data: 1C BE 97 32 76 E3 7E BB 59 82 F2 3C 59 C2 3B 8A  returns 4 (0000ms, 0970ms total)
T0E34 002:620 JLINK_GetEmuCaps()  returns 0xF9FF7BFF (0000ms, 0970ms total)
T0E34 002:620 JLINK_ReadMemU32(0x20200050, 0x0004 Items, ...) -- CPU_ReadMem(16 bytes @ 0x20200050) - Data: AC 74 28 A5 F7 B7 11 B7 72 68 3C 6A 80 A6 FF 8C  returns 4 (0001ms, 0971ms total)
T0E34 002:621 JLINK_GetEmuCaps()  returns 0xF9FF7BFF (0000ms, 0971ms total)
T0E34 002:621 JLINK_ReadMemU32(0x20200060, 0x0004 Items, ...) -- CPU_ReadMem(16 bytes @ 0x20200060) - Data: 5A 4E A9 AB E2 FD 92 A9 E6 71 FD 7C 03 32 F7 E2  returns 4 (0000ms, 0971ms total)
T0E34 002:621 JLINK_GetEmuCaps()  returns 0xF9FF7BFF (0000ms, 0971ms total)
T0E34 002:621 JLINK_ReadMemU32(0x20200070, 0x0004 Items, ...) -- CPU_ReadMem(16 bytes @ 0x20200070) - Data: EB 22 69 DF 4F DD CD 31 AA 83 9A D4 70 15 A2 3F  returns 4 (0001ms, 0972ms total)
T0E34 002:622 JLINK_GetEmuCaps()  returns 0xF9FF7BFF (0000ms, 0972ms total)
T0E34 002:622 JLINK_ReadMemU32(0x20200080, 0x0004 Items, ...) -- CPU_ReadMem(16 bytes @ 0x20200080) - Data: 57 79 37 A8 AD F8 59 5D 8F CE C7 76 9B E0 F2 C6  returns 4 (0000ms, 0972ms total)
T0E34 002:622 JLINK_GetEmuCaps()  returns 0xF9FF7BFF (0000ms, 0972ms total)
T0E34 002:623 JLINK_ReadMemU32(0x20200090, 0x0004 Items, ...) -- CPU_ReadMem(16 bytes @ 0x20200090) - Data: 3C 36 54 45 13 BC C7 E6 E3 E0 58 B1 E2 FE 20 EF  returns 4 (0000ms, 0972ms total)
T0E34 002:623 JLINK_GetEmuCaps()  returns 0xF9FF7BFF (0000ms, 0972ms total)
T0E34 002:712 JLINK_ReadMemU32(0x201FFF80, 0x0004 Items, ...) -- CPU_ReadMem(16 bytes @ 0x201FFF80)  returns -1 (0001ms, 0973ms total)
T0E34 002:713 JLINK_ReadMemU32(0x201FFF80, 0x0001 Items, ...) -- CPU_ReadMem(4 bytes @ 0x201FFF80)  returns -1 (0000ms, 0973ms total)
T0E34 002:713 JLINK_ReadMemU32(0x201FFF84, 0x0001 Items, ...) -- CPU_ReadMem(4 bytes @ 0x201FFF84)  returns -1 (0001ms, 0974ms total)
T0E34 002:714 JLINK_ReadMemU32(0x201FFF88, 0x0001 Items, ...) -- CPU_ReadMem(4 bytes @ 0x201FFF88)  returns -1 (0000ms, 0974ms total)
T0E34 002:714 JLINK_ReadMemU32(0x201FFF8C, 0x0001 Items, ...) -- CPU_ReadMem(4 bytes @ 0x201FFF8C)  returns -1 (0001ms, 0975ms total)
T0E34 002:715 JLINK_ReadMemU32(0x201FFF90, 0x0004 Items, ...) -- CPU_ReadMem(16 bytes @ 0x201FFF90)  returns -1 (0000ms, 0975ms total)
T0E34 002:715 JLINK_ReadMemU32(0x201FFF90, 0x0001 Items, ...) -- CPU_ReadMem(4 bytes @ 0x201FFF90)  returns -1 (0001ms, 0976ms total)
T0E34 002:716 JLINK_ReadMemU32(0x201FFF94, 0x0001 Items, ...) -- CPU_ReadMem(4 bytes @ 0x201FFF94)  returns -1 (0000ms, 0976ms total)
T0E34 002:716 JLINK_ReadMemU32(0x201FFF98, 0x0001 Items, ...) -- CPU_ReadMem(4 bytes @ 0x201FFF98)  returns -1 (0001ms, 0977ms total)
T0E34 002:717 JLINK_ReadMemU32(0x201FFF9C, 0x0001 Items, ...) -- CPU_ReadMem(4 bytes @ 0x201FFF9C)  returns -1 (0000ms, 0977ms total)
T0E34 002:718 JLINK_ReadMemU32(0x201FFFA0, 0x0004 Items, ...) -- CPU_ReadMem(16 bytes @ 0x201FFFA0)  returns -1 (0000ms, 0978ms total)
T0E34 002:718 JLINK_ReadMemU32(0x201FFFA0, 0x0001 Items, ...) -- CPU_ReadMem(4 bytes @ 0x201FFFA0)  returns -1 (0001ms, 0979ms total)
T0E34 002:719 JLINK_ReadMemU32(0x201FFFA4, 0x0001 Items, ...) -- CPU_ReadMem(4 bytes @ 0x201FFFA4)  returns -1 (0000ms, 0979ms total)
T0E34 002:719 JLINK_ReadMemU32(0x201FFFA8, 0x0001 Items, ...) -- CPU_ReadMem(4 bytes @ 0x201FFFA8)  returns -1 (0001ms, 0980ms total)
T0E34 002:720 JLINK_ReadMemU32(0x201FFFAC, 0x0001 Items, ...) -- CPU_ReadMem(4 bytes @ 0x201FFFAC)  returns -1 (0000ms, 0980ms total)
T0E34 002:720 JLINK_ReadMemU32(0x201FFFB0, 0x0004 Items, ...) -- CPU_ReadMem(16 bytes @ 0x201FFFB0)  returns -1 (0001ms, 0981ms total)
T0E34 002:721 JLINK_ReadMemU32(0x201FFFB0, 0x0001 Items, ...) -- CPU_ReadMem(4 bytes @ 0x201FFFB0)  returns -1 (0000ms, 0981ms total)
T0E34 002:721 JLINK_ReadMemU32(0x201FFFB4, 0x0001 Items, ...) -- CPU_ReadMem(4 bytes @ 0x201FFFB4)  returns -1 (0001ms, 0982ms total)
T0E34 002:722 JLINK_ReadMemU32(0x201FFFB8, 0x0001 Items, ...) -- CPU_ReadMem(4 bytes @ 0x201FFFB8)  returns -1 (0001ms, 0983ms total)
T0E34 002:723 JLINK_ReadMemU32(0x201FFFBC, 0x0001 Items, ...) -- CPU_ReadMem(4 bytes @ 0x201FFFBC)  returns -1 (0000ms, 0983ms total)
T0E34 002:723 JLINK_ReadMemU32(0x201FFFC0, 0x0004 Items, ...) -- CPU_ReadMem(16 bytes @ 0x201FFFC0)  returns -1 (0001ms, 0984ms total)
T0E34 002:724 JLINK_ReadMemU32(0x201FFFC0, 0x0001 Items, ...) -- CPU_ReadMem(4 bytes @ 0x201FFFC0)  returns -1 (0000ms, 0984ms total)
T0E34 002:724 JLINK_ReadMemU32(0x201FFFC4, 0x0001 Items, ...) -- CPU_ReadMem(4 bytes @ 0x201FFFC4)  returns -1 (0001ms, 0985ms total)
T0E34 002:725 JLINK_ReadMemU32(0x201FFFC8, 0x0001 Items, ...) -- CPU_ReadMem(4 bytes @ 0x201FFFC8)  returns -1 (0000ms, 0985ms total)
T0E34 002:725 JLINK_ReadMemU32(0x201FFFCC, 0x0001 Items, ...) -- CPU_ReadMem(4 bytes @ 0x201FFFCC)  returns -1 (0001ms, 0986ms total)
T0E34 002:726 JLINK_ReadMemU32(0x201FFFD0, 0x0004 Items, ...) -- CPU_ReadMem(16 bytes @ 0x201FFFD0)  returns -1 (0000ms, 0986ms total)
T0E34 002:726 JLINK_ReadMemU32(0x201FFFD0, 0x0001 Items, ...) -- CPU_ReadMem(4 bytes @ 0x201FFFD0)  returns -1 (0001ms, 0987ms total)
T0E34 002:727 JLINK_ReadMemU32(0x201FFFD4, 0x0001 Items, ...) -- CPU_ReadMem(4 bytes @ 0x201FFFD4)  returns -1 (0000ms, 0987ms total)
T0E34 002:727 JLINK_ReadMemU32(0x201FFFD8, 0x0001 Items, ...) -- CPU_ReadMem(4 bytes @ 0x201FFFD8)  returns -1 (0001ms, 0988ms total)
T0E34 002:728 JLINK_ReadMemU32(0x201FFFDC, 0x0001 Items, ...) -- CPU_ReadMem(4 bytes @ 0x201FFFDC)  returns -1 (0001ms, 0989ms total)
T0E34 002:729 JLINK_ReadMemU32(0x201FFFE0, 0x0004 Items, ...) -- CPU_ReadMem(16 bytes @ 0x201FFFE0)  returns -1 (0000ms, 0989ms total)
T0E34 002:729 JLINK_ReadMemU32(0x201FFFE0, 0x0001 Items, ...) -- CPU_ReadMem(4 bytes @ 0x201FFFE0)  returns -1 (0001ms, 0990ms total)
T0E34 002:730 JLINK_ReadMemU32(0x201FFFE4, 0x0001 Items, ...) -- CPU_ReadMem(4 bytes @ 0x201FFFE4)  returns -1 (0000ms, 0990ms total)
T0E34 002:730 JLINK_ReadMemU32(0x201FFFE8, 0x0001 Items, ...) -- CPU_ReadMem(4 bytes @ 0x201FFFE8)  returns -1 (0001ms, 0991ms total)
T0E34 002:731 JLINK_ReadMemU32(0x201FFFEC, 0x0001 Items, ...) -- CPU_ReadMem(4 bytes @ 0x201FFFEC)  returns -1 (0000ms, 0991ms total)
T0E34 002:731 JLINK_ReadMemU32(0x201FFFF0, 0x0004 Items, ...) -- CPU_ReadMem(16 bytes @ 0x201FFFF0)  returns -1 (0001ms, 0992ms total)
T0E34 002:732 JLINK_ReadMemU32(0x201FFFF0, 0x0001 Items, ...) -- CPU_ReadMem(4 bytes @ 0x201FFFF0)  returns -1 (0000ms, 0992ms total)
T0E34 002:732 JLINK_ReadMemU32(0x201FFFF4, 0x0001 Items, ...) -- CPU_ReadMem(4 bytes @ 0x201FFFF4)  returns -1 (0001ms, 0993ms total)
T0E34 002:733 JLINK_ReadMemU32(0x201FFFF8, 0x0001 Items, ...) -- CPU_ReadMem(4 bytes @ 0x201FFFF8)  returns -1 (0001ms, 0994ms total)
T0E34 002:734 JLINK_ReadMemU32(0x201FFFFC, 0x0001 Items, ...) -- CPU_ReadMem(4 bytes @ 0x201FFFFC)  returns -1 (0000ms, 0994ms total)
T0E34 002:814 JLINK_ReadMemU32(0x201FFF80, 0x0004 Items, ...) -- CPU_ReadMem(16 bytes @ 0x201FFF80)  returns -1 (0001ms, 0995ms total)
T0E34 002:815 JLINK_ReadMemU32(0x201FFF80, 0x0001 Items, ...) -- CPU_ReadMem(4 bytes @ 0x201FFF80)  returns -1 (0000ms, 0995ms total)
T0E34 002:815 JLINK_ReadMemU32(0x201FFF84, 0x0001 Items, ...) -- CPU_ReadMem(4 bytes @ 0x201FFF84)  returns -1 (0001ms, 0996ms total)
T0E34 002:816 JLINK_ReadMemU32(0x201FFF88, 0x0001 Items, ...) -- CPU_ReadMem(4 bytes @ 0x201FFF88)  returns -1 (0000ms, 0996ms total)
T0E34 002:816 JLINK_ReadMemU32(0x201FFF8C, 0x0001 Items, ...) -- CPU_ReadMem(4 bytes @ 0x201FFF8C)  returns -1 (0001ms, 0997ms total)
T0E34 002:817 JLINK_ReadMemU32(0x201FFF90, 0x0004 Items, ...) -- CPU_ReadMem(16 bytes @ 0x201FFF90)  returns -1 (0000ms, 0997ms total)
T0E34 002:817 JLINK_ReadMemU32(0x201FFF90, 0x0001 Items, ...) -- CPU_ReadMem(4 bytes @ 0x201FFF90)  returns -1 (0001ms, 0998ms total)
T0E34 002:818 JLINK_ReadMemU32(0x201FFF94, 0x0001 Items, ...) -- CPU_ReadMem(4 bytes @ 0x201FFF94)  returns -1 (0000ms, 0998ms total)
T0E34 002:818 JLINK_ReadMemU32(0x201FFF98, 0x0001 Items, ...) -- CPU_ReadMem(4 bytes @ 0x201FFF98)  returns -1 (0001ms, 0999ms total)
T0E34 002:819 JLINK_ReadMemU32(0x201FFF9C, 0x0001 Items, ...) -- CPU_ReadMem(4 bytes @ 0x201FFF9C)  returns -1 (0000ms, 0999ms total)
T0E34 002:819 JLINK_ReadMemU32(0x201FFFA0, 0x0004 Items, ...) -- CPU_ReadMem(16 bytes @ 0x201FFFA0)  returns -1 (0001ms, 1000ms total)
T0E34 002:820 JLINK_ReadMemU32(0x201FFFA0, 0x0001 Items, ...) -- CPU_ReadMem(4 bytes @ 0x201FFFA0)  returns -1 (0000ms, 1000ms total)
T0E34 002:820 JLINK_ReadMemU32(0x201FFFA4, 0x0001 Items, ...) -- CPU_ReadMem(4 bytes @ 0x201FFFA4)  returns -1 (0001ms, 1001ms total)
T0E34 002:821 JLINK_ReadMemU32(0x201FFFA8, 0x0001 Items, ...) -- CPU_ReadMem(4 bytes @ 0x201FFFA8)  returns -1 (0000ms, 1001ms total)
T0E34 002:821 JLINK_ReadMemU32(0x201FFFAC, 0x0001 Items, ...) -- CPU_ReadMem(4 bytes @ 0x201FFFAC)  returns -1 (0001ms, 1002ms total)
T0E34 002:822 JLINK_ReadMemU32(0x201FFFB0, 0x0004 Items, ...) -- CPU_ReadMem(16 bytes @ 0x201FFFB0)  returns -1 (0001ms, 1003ms total)
T0E34 002:823 JLINK_ReadMemU32(0x201FFFB0, 0x0001 Items, ...) -- CPU_ReadMem(4 bytes @ 0x201FFFB0)  returns -1 (0000ms, 1003ms total)
T0E34 002:823 JLINK_ReadMemU32(0x201FFFB4, 0x0001 Items, ...) -- CPU_ReadMem(4 bytes @ 0x201FFFB4)  returns -1 (0001ms, 1004ms total)
T0E34 002:824 JLINK_ReadMemU32(0x201FFFB8, 0x0001 Items, ...) -- CPU_ReadMem(4 bytes @ 0x201FFFB8)  returns -1 (0000ms, 1004ms total)
T0E34 002:824 JLINK_ReadMemU32(0x201FFFBC, 0x0001 Items, ...) -- CPU_ReadMem(4 bytes @ 0x201FFFBC)  returns -1 (0001ms, 1005ms total)
T0E34 002:825 JLINK_ReadMemU32(0x201FFFC0, 0x0004 Items, ...) -- CPU_ReadMem(16 bytes @ 0x201FFFC0)  returns -1 (0000ms, 1005ms total)
T0E34 002:825 JLINK_ReadMemU32(0x201FFFC0, 0x0001 Items, ...) -- CPU_ReadMem(4 bytes @ 0x201FFFC0)  returns -1 (0001ms, 1006ms total)
T0E34 002:826 JLINK_ReadMemU32(0x201FFFC4, 0x0001 Items, ...) -- CPU_ReadMem(4 bytes @ 0x201FFFC4)  returns -1 (0000ms, 1006ms total)
T0E34 002:826 JLINK_ReadMemU32(0x201FFFC8, 0x0001 Items, ...) -- CPU_ReadMem(4 bytes @ 0x201FFFC8)  returns -1 (0001ms, 1007ms total)
T0E34 002:827 JLINK_ReadMemU32(0x201FFFCC, 0x0001 Items, ...) -- CPU_ReadMem(4 bytes @ 0x201FFFCC)  returns -1 (0001ms, 1008ms total)
T0E34 002:828 JLINK_ReadMemU32(0x201FFFD0, 0x0004 Items, ...) -- CPU_ReadMem(16 bytes @ 0x201FFFD0)  returns -1 (0000ms, 1008ms total)
T0E34 002:828 JLINK_ReadMemU32(0x201FFFD0, 0x0001 Items, ...) -- CPU_ReadMem(4 bytes @ 0x201FFFD0)  returns -1 (0001ms, 1009ms total)
T0E34 002:829 JLINK_ReadMemU32(0x201FFFD4, 0x0001 Items, ...) -- CPU_ReadMem(4 bytes @ 0x201FFFD4)  returns -1 (0000ms, 1009ms total)
T0E34 002:829 JLINK_ReadMemU32(0x201FFFD8, 0x0001 Items, ...) -- CPU_ReadMem(4 bytes @ 0x201FFFD8)  returns -1 (0001ms, 1010ms total)
T0E34 002:830 JLINK_ReadMemU32(0x201FFFDC, 0x0001 Items, ...) -- CPU_ReadMem(4 bytes @ 0x201FFFDC)  returns -1 (0000ms, 1010ms total)
T0E34 002:830 JLINK_ReadMemU32(0x201FFFE0, 0x0004 Items, ...) -- CPU_ReadMem(16 bytes @ 0x201FFFE0)  returns -1 (0001ms, 1011ms total)
T0E34 002:831 JLINK_ReadMemU32(0x201FFFE0, 0x0001 Items, ...) -- CPU_ReadMem(4 bytes @ 0x201FFFE0)  returns -1 (0000ms, 1011ms total)
T0E34 002:831 JLINK_ReadMemU32(0x201FFFE4, 0x0001 Items, ...) -- CPU_ReadMem(4 bytes @ 0x201FFFE4)  returns -1 (0001ms, 1012ms total)
T0E34 002:832 JLINK_ReadMemU32(0x201FFFE8, 0x0001 Items, ...) -- CPU_ReadMem(4 bytes @ 0x201FFFE8)  returns -1 (0000ms, 1012ms total)
T0E34 002:833 JLINK_ReadMemU32(0x201FFFEC, 0x0001 Items, ...) -- CPU_ReadMem(4 bytes @ 0x201FFFEC)  returns -1 (0000ms, 1013ms total)
T0E34 002:833 JLINK_ReadMemU32(0x201FFFF0, 0x0004 Items, ...) -- CPU_ReadMem(16 bytes @ 0x201FFFF0)  returns -1 (0001ms, 1014ms total)
T0E34 002:834 JLINK_ReadMemU32(0x201FFFF0, 0x0001 Items, ...) -- CPU_ReadMem(4 bytes @ 0x201FFFF0)  returns -1 (0000ms, 1014ms total)
T0E34 002:834 JLINK_ReadMemU32(0x201FFFF4, 0x0001 Items, ...) -- CPU_ReadMem(4 bytes @ 0x201FFFF4)  returns -1 (0001ms, 1015ms total)
T0E34 002:835 JLINK_ReadMemU32(0x201FFFF8, 0x0001 Items, ...) -- CPU_ReadMem(4 bytes @ 0x201FFFF8)  returns -1 (0000ms, 1015ms total)
T0E34 002:835 JLINK_ReadMemU32(0x201FFFFC, 0x0001 Items, ...) -- CPU_ReadMem(4 bytes @ 0x201FFFFC)  returns -1 (0001ms, 1016ms total)
T0E34 002:907 JLINK_ReadMemU32(0x20004444, 0x0001 Items, ...) -- CPU_ReadMem(64 bytes @ 0x20004440) -- Updating C cache (64 bytes @ 0x20004440) -- Read from C cache (4 bytes @ 0x20004444) - Data: 85 4C 00 00  returns 1 (0001ms, 1017ms total)
T0E34 002:908 JLINK_GetEmuCaps()  returns 0xF9FF7BFF (0000ms, 1017ms total)
T0E34 003:564 JLINK_ReadMemU32(0x201FFF80, 0x0004 Items, ...) -- CPU_ReadMem(16 bytes @ 0x201FFF80)  returns -1 (0000ms, 1017ms total)
T0E34 003:564 JLINK_ReadMemU32(0x201FFF80, 0x0001 Items, ...) -- CPU_ReadMem(4 bytes @ 0x201FFF80)  returns -1 (0001ms, 1018ms total)
T0E34 003:565 JLINK_ReadMemU32(0x201FFF84, 0x0001 Items, ...) -- CPU_ReadMem(4 bytes @ 0x201FFF84)  returns -1 (0000ms, 1018ms total)
T0E34 003:565 JLINK_ReadMemU32(0x201FFF88, 0x0001 Items, ...) -- CPU_ReadMem(4 bytes @ 0x201FFF88)  returns -1 (0001ms, 1019ms total)
T0E34 003:566 JLINK_ReadMemU32(0x201FFF8C, 0x0001 Items, ...) -- CPU_ReadMem(4 bytes @ 0x201FFF8C)  returns -1 (0000ms, 1019ms total)
T0E34 003:566 JLINK_ReadMemU32(0x201FFF90, 0x0004 Items, ...) -- CPU_ReadMem(16 bytes @ 0x201FFF90)  returns -1 (0001ms, 1020ms total)
T0E34 003:567 JLINK_ReadMemU32(0x201FFF90, 0x0001 Items, ...) -- CPU_ReadMem(4 bytes @ 0x201FFF90)  returns -1 (0000ms, 1020ms total)
T0E34 003:568 JLINK_ReadMemU32(0x201FFF94, 0x0001 Items, ...) -- CPU_ReadMem(4 bytes @ 0x201FFF94)  returns -1 (0000ms, 1021ms total)
T0E34 003:568 JLINK_ReadMemU32(0x201FFF98, 0x0001 Items, ...) -- CPU_ReadMem(4 bytes @ 0x201FFF98)  returns -1 (0000ms, 1021ms total)
T0E34 003:568 JLINK_ReadMemU32(0x201FFF9C, 0x0001 Items, ...) -- CPU_ReadMem(4 bytes @ 0x201FFF9C)  returns -1 (0001ms, 1022ms total)
T0E34 003:569 JLINK_ReadMemU32(0x201FFFA0, 0x0004 Items, ...) -- CPU_ReadMem(16 bytes @ 0x201FFFA0)  returns -1 (0000ms, 1022ms total)
T0E34 003:569 JLINK_ReadMemU32(0x201FFFA0, 0x0001 Items, ...) -- CPU_ReadMem(4 bytes @ 0x201FFFA0)  returns -1 (0001ms, 1023ms total)
T0E34 003:570 JLINK_ReadMemU32(0x201FFFA4, 0x0001 Items, ...) -- CPU_ReadMem(4 bytes @ 0x201FFFA4)  returns -1 (0000ms, 1023ms total)
T0E34 003:570 JLINK_ReadMemU32(0x201FFFA8, 0x0001 Items, ...) -- CPU_ReadMem(4 bytes @ 0x201FFFA8)  returns -1 (0001ms, 1024ms total)
T0E34 003:571 JLINK_ReadMemU32(0x201FFFAC, 0x0001 Items, ...) -- CPU_ReadMem(4 bytes @ 0x201FFFAC)  returns -1 (0001ms, 1025ms total)
T0E34 003:572 JLINK_ReadMemU32(0x201FFFB0, 0x0004 Items, ...) -- CPU_ReadMem(16 bytes @ 0x201FFFB0)  returns -1 (0000ms, 1025ms total)
T0E34 003:572 JLINK_ReadMemU32(0x201FFFB0, 0x0001 Items, ...) -- CPU_ReadMem(4 bytes @ 0x201FFFB0)  returns -1 (0001ms, 1026ms total)
T0E34 003:573 JLINK_ReadMemU32(0x201FFFB4, 0x0001 Items, ...) -- CPU_ReadMem(4 bytes @ 0x201FFFB4)  returns -1 (0000ms, 1026ms total)
T0E34 003:573 JLINK_ReadMemU32(0x201FFFB8, 0x0001 Items, ...) -- CPU_ReadMem(4 bytes @ 0x201FFFB8)  returns -1 (0001ms, 1027ms total)
T0E34 003:574 JLINK_ReadMemU32(0x201FFFBC, 0x0001 Items, ...) -- CPU_ReadMem(4 bytes @ 0x201FFFBC)  returns -1 (0000ms, 1027ms total)
T0E34 003:574 JLINK_ReadMemU32(0x201FFFC0, 0x0004 Items, ...) -- CPU_ReadMem(16 bytes @ 0x201FFFC0)  returns -1 (0001ms, 1028ms total)
T0E34 003:575 JLINK_ReadMemU32(0x201FFFC0, 0x0001 Items, ...) -- CPU_ReadMem(4 bytes @ 0x201FFFC0)  returns -1 (0000ms, 1028ms total)
T0E34 003:575 JLINK_ReadMemU32(0x201FFFC4, 0x0001 Items, ...) -- CPU_ReadMem(4 bytes @ 0x201FFFC4)  returns -1 (0001ms, 1029ms total)
T0E34 003:576 JLINK_ReadMemU32(0x201FFFC8, 0x0001 Items, ...) -- CPU_ReadMem(4 bytes @ 0x201FFFC8)  returns -1 (0000ms, 1029ms total)
T0E34 003:576 JLINK_ReadMemU32(0x201FFFCC, 0x0001 Items, ...) -- CPU_ReadMem(4 bytes @ 0x201FFFCC)  returns -1 (0001ms, 1030ms total)
T0E34 003:577 JLINK_ReadMemU32(0x201FFFD0, 0x0004 Items, ...) -- CPU_ReadMem(16 bytes @ 0x201FFFD0)  returns -1 (0000ms, 1030ms total)
T0E34 003:577 JLINK_ReadMemU32(0x201FFFD0, 0x0001 Items, ...) -- CPU_ReadMem(4 bytes @ 0x201FFFD0)  returns -1 (0001ms, 1031ms total)
T0E34 003:578 JLINK_ReadMemU32(0x201FFFD4, 0x0001 Items, ...) -- CPU_ReadMem(4 bytes @ 0x201FFFD4)  returns -1 (0001ms, 1032ms total)
T0E34 003:579 JLINK_ReadMemU32(0x201FFFD8, 0x0001 Items, ...) -- CPU_ReadMem(4 bytes @ 0x201FFFD8)  returns -1 (0000ms, 1032ms total)
T0E34 003:579 JLINK_ReadMemU32(0x201FFFDC, 0x0001 Items, ...) -- CPU_ReadMem(4 bytes @ 0x201FFFDC)  returns -1 (0001ms, 1033ms total)
T0E34 003:580 JLINK_ReadMemU32(0x201FFFE0, 0x0004 Items, ...) -- CPU_ReadMem(16 bytes @ 0x201FFFE0)  returns -1 (0000ms, 1033ms total)
T0E34 003:580 JLINK_ReadMemU32(0x201FFFE0, 0x0001 Items, ...) -- CPU_ReadMem(4 bytes @ 0x201FFFE0)  returns -1 (0001ms, 1034ms total)
T0E34 003:581 JLINK_ReadMemU32(0x201FFFE4, 0x0001 Items, ...) -- CPU_ReadMem(4 bytes @ 0x201FFFE4)  returns -1 (0000ms, 1034ms total)
T0E34 003:581 JLINK_ReadMemU32(0x201FFFE8, 0x0001 Items, ...) -- CPU_ReadMem(4 bytes @ 0x201FFFE8)  returns -1 (0001ms, 1035ms total)
T0E34 003:582 JLINK_ReadMemU32(0x201FFFEC, 0x0001 Items, ...) -- CPU_ReadMem(4 bytes @ 0x201FFFEC)  returns -1 (0000ms, 1035ms total)
T0E34 003:582 JLINK_ReadMemU32(0x201FFFF0, 0x0004 Items, ...) -- CPU_ReadMem(16 bytes @ 0x201FFFF0)  returns -1 (0001ms, 1036ms total)
T0E34 003:583 JLINK_ReadMemU32(0x201FFFF0, 0x0001 Items, ...) -- CPU_ReadMem(4 bytes @ 0x201FFFF0)  returns -1 (0000ms, 1036ms total)
T0E34 003:583 JLINK_ReadMemU32(0x201FFFF4, 0x0001 Items, ...) -- CPU_ReadMem(4 bytes @ 0x201FFFF4)  returns -1 (0001ms, 1037ms total)
T0E34 003:584 JLINK_ReadMemU32(0x201FFFF8, 0x0001 Items, ...) -- CPU_ReadMem(4 bytes @ 0x201FFFF8)  returns -1 (0000ms, 1037ms total)
T0E34 003:584 JLINK_ReadMemU32(0x201FFFFC, 0x0001 Items, ...) -- CPU_ReadMem(4 bytes @ 0x201FFFFC)  returns -1 (0001ms, 1038ms total)
T0E34 003:585 JLINK_ReadMemU32(0x20200000, 0x0004 Items, ...) -- CPU_ReadMem(16 bytes @ 0x20200000) - Data: DD 10 78 2E EF 77 9B 0F 21 D6 7C F3 AE 5A B8 47  returns 4 (0000ms, 1038ms total)
T0E34 003:585 JLINK_GetEmuCaps()  returns 0xF9FF7BFF (0000ms, 1038ms total)
T0E34 003:585 JLINK_ReadMemU32(0x20200010, 0x0004 Items, ...) -- CPU_ReadMem(16 bytes @ 0x20200010) - Data: 84 8B C7 50 F5 70 44 32 36 D3 4F 73 84 D6 EB F8  returns 4 (0001ms, 1039ms total)
T0E34 003:586 JLINK_GetEmuCaps()  returns 0xF9FF7BFF (0000ms, 1039ms total)
T0E34 003:586 JLINK_ReadMemU32(0x20200020, 0x0004 Items, ...) -- CPU_ReadMem(16 bytes @ 0x20200020) - Data: A2 15 69 70 E8 BE 70 CC B0 88 38 40 04 52 D2 49  returns 4 (0000ms, 1039ms total)
T0E34 003:587 JLINK_GetEmuCaps()  returns 0xF9FF7BFF (0000ms, 1040ms total)
T0E34 003:587 JLINK_ReadMemU32(0x20200030, 0x0004 Items, ...) -- CPU_ReadMem(16 bytes @ 0x20200030) - Data: 6B 55 31 B0 8B 0C 37 2D 37 35 B6 F7 AD 75 A9 AD  returns 4 (0000ms, 1040ms total)
T0E34 003:587 JLINK_GetEmuCaps()  returns 0xF9FF7BFF (0000ms, 1040ms total)
T0E34 003:587 JLINK_ReadMemU32(0x20200040, 0x0004 Items, ...) -- CPU_ReadMem(16 bytes @ 0x20200040) - Data: 1C BE 97 32 76 E3 7E BB 59 82 F2 3C 59 C2 3B 8A  returns 4 (0001ms, 1041ms total)
T0E34 003:588 JLINK_GetEmuCaps()  returns 0xF9FF7BFF (0000ms, 1041ms total)
T0E34 003:588 JLINK_ReadMemU32(0x20200050, 0x0004 Items, ...) -- CPU_ReadMem(16 bytes @ 0x20200050) - Data: AC 74 28 A5 F7 B7 11 B7 72 68 3C 6A 80 A6 FF 8C  returns 4 (0000ms, 1041ms total)
T0E34 003:588 JLINK_GetEmuCaps()  returns 0xF9FF7BFF (0000ms, 1041ms total)
T0E34 003:588 JLINK_ReadMemU32(0x20200060, 0x0004 Items, ...) -- CPU_ReadMem(16 bytes @ 0x20200060) - Data: 5A 4E A9 AB E2 FD 92 A9 E6 71 FD 7C 03 32 F7 E2  returns 4 (0001ms, 1042ms total)
T0E34 003:589 JLINK_GetEmuCaps()  returns 0xF9FF7BFF (0000ms, 1042ms total)
T0E34 003:589 JLINK_ReadMemU32(0x20200070, 0x0004 Items, ...) -- CPU_ReadMem(16 bytes @ 0x20200070) - Data: EB 22 69 DF 4F DD CD 31 AA 83 9A D4 70 15 A2 3F  returns 4 (0000ms, 1042ms total)
T0E34 003:589 JLINK_GetEmuCaps()  returns 0xF9FF7BFF (0000ms, 1042ms total)
T0E34 003:589 JLINK_ReadMemU32(0x20200080, 0x0004 Items, ...) -- CPU_ReadMem(16 bytes @ 0x20200080) - Data: 57 79 37 A8 AD F8 59 5D 8F CE C7 76 9B E0 F2 C6  returns 4 (0001ms, 1043ms total)
T0E34 003:590 JLINK_GetEmuCaps()  returns 0xF9FF7BFF (0000ms, 1043ms total)
T0E34 003:590 JLINK_ReadMemU32(0x20200090, 0x0004 Items, ...) -- CPU_ReadMem(16 bytes @ 0x20200090) - Data: 3C 36 54 45 13 BC C7 E6 E3 E0 58 B1 E2 FE 20 EF  returns 4 (0000ms, 1043ms total)
T0E34 003:590 JLINK_GetEmuCaps()  returns 0xF9FF7BFF (0000ms, 1043ms total)
T0E34 004:732 JLINK_GetEmuCaps()  returns 0xF9FF7BFF (0000ms, 1043ms total)
T0E34 004:732 JLINK_ClrBPEx(BPHandle = 0x00000003)  returns 0x00 (0000ms, 1043ms total)
T0E34 004:732 JLINK_GetEmuCaps()  returns 0xF9FF7BFF (0000ms, 1043ms total)
T0E34 004:733 JLINK_WriteVectorCatch(0x00000FF1)  returns 0x00 (0000ms, 1044ms total)
T0E34 004:778 JLINK_GetEmuCaps()  returns 0xF9FF7BFF (0000ms, 1044ms total)
T0E34 004:778 JLINK_ClrBPEx(BPHandle = 0x00000001)  returns 0x00 (0000ms, 1044ms total)
T0E34 004:778 JLINK_GetEmuCaps()  returns 0xF9FF7BFF (0000ms, 1044ms total)
T0E34 004:778 JLINK_WriteVectorCatch(0x00000FF1)  returns 0x00 (0000ms, 1044ms total)

Closed
